New log file opened at Wed Mar 01 14:48:00 PST 2017 by 13849@169-231-150-42.wireless.ucsb.edu
Taking next connection to: 64297
New client attempting to connect on port: 64298-64297
  Address = /169.231.150.42:64297
This client on port 64298 has uuid 53f7c2a0-7519-48ab-86ae-bb70f05dfc4e configName activator humanReadableName Activator protocolVersion 3 featureTags Vector()
Connected Clients: activator-53f7c2a0-7519-48ab-86ae-bb70f05dfc4e
Taking next connection to: 64297
New client attempting to connect on port: 64299-64297
  Address = /169.231.150.42:64297
Handshake exception on socket: 64299
sbt.impl.ipc.HandshakeException: Unable to perform handshake
	at sbt.impl.ipc.Peer.handshake(IPC.scala:46)
	at sbt.impl.ipc.MultiClientServer.<init>(IPC.scala:150)
	at sbt.server.SbtServerSocketHandler$$anon$1.run(SbtServerSocketHandler.scala:43)
Caused by: java.io.EOFException
	at java.io.DataInputStream.readInt(DataInputStream.java:392)
	at sbt.impl.ipc.Peer.receive(IPC.scala:95)
	at sbt.impl.ipc.Peer.handshake(IPC.scala:49)
	... 2 more
Taking next connection to: 64297
New client attempting to connect on port: 64300-64297
  Address = /169.231.150.42:64297
This client on port 64300 has uuid f8c06e0d-b56b-4056-bf7a-eb9f500e7980 configName activator humanReadableName Activator protocolVersion 3 featureTags Vector()
Connected Clients: activator-53f7c2a0-7519-48ab-86ae-bb70f05dfc4e, activator-f8c06e0d-b56b-4056-bf7a-eb9f500e7980
Taking next connection to: 64297
Checking to see if clients are empty...
We have 1 non-daemon clients, continuing serving connections.
Taking next connection to: 64297
Checking to see if clients are empty...
We have 1 non-daemon clients, continuing serving connections.
Taking next connection to: 64297
Checking to see if clients are empty...
We have 1 non-daemon clients, continuing serving connections.
Taking next connection to: 64297
New client attempting to connect on port: 64322-64297
  Address = /169.231.150.42:64297
Handshake exception on socket: 64322
sbt.impl.ipc.HandshakeException: Unable to perform handshake
	at sbt.impl.ipc.Peer.handshake(IPC.scala:46)
	at sbt.impl.ipc.MultiClientServer.<init>(IPC.scala:150)
	at sbt.server.SbtServerSocketHandler$$anon$1.run(SbtServerSocketHandler.scala:43)
Caused by: java.io.EOFException
	at java.io.DataInputStream.readInt(DataInputStream.java:392)
	at sbt.impl.ipc.Peer.receive(IPC.scala:95)
	at sbt.impl.ipc.Peer.handshake(IPC.scala:49)
	... 2 more
Taking next connection to: 64297
New client attempting to connect on port: 64323-64297
  Address = /169.231.150.42:64297
This client on port 64323 has uuid bfa4155e-331e-4527-acec-2a0d8c7a9e5b configName play-fork-run humanReadableName Play Fork Run protocolVersion 1 featureTags Vector()
Connected Clients: activator-f8c06e0d-b56b-4056-bf7a-eb9f500e7980, play-fork-run-bfa4155e-331e-4527-acec-2a0d8c7a9e5b
Taking next connection to: 64297
Checking to see if clients are empty...
We have 1 non-daemon clients, continuing serving connections.
Taking next connection to: 64297
Checking to see if clients are empty...
We have 1 non-daemon clients, continuing serving connections.
Taking next connection to: 64297
