New log file opened at Wed Mar 01 14:48:00 PST 2017 by 13849@169-231-150-42.wireless.ucsb.edu
jvm 13849@169-231-150-42.wireless.ucsb.edu
jvm vmName=Java HotSpot(TM) 64-Bit Server VM vmVendor=Oracle Corporation vmVersion=25.111-b14
jvm specName=Java Virtual Machine Specification specVendor=Oracle Corporation specVersion=1.8
jvm arguments: [-Xms256m, -Xmx1024m, -XX:MetaspaceSize=64m, -XX:MaxMetaspaceSize=256m]
Starting event engine
Starting sbt command engine
Command engine arguments=List()
Command engine baseDirectory=/Users/feiyang/Documents/workspace/CrashCourses
Waiting for sbt command engine
Command engine initial remaining commands List(--initialize, onFailure load-failed, boot, server-send-ready-for-request, server-handle-next-server-request)
> --initialize
> initialize
> onFailure load-failed
> boot
> reload
[Loading] Scanning directory /Users/feiyang/Documents/workspace/CrashCourses/project
[Loading] Found non-root projects 
[Loading] Done in /Users/feiyang/Documents/workspace/CrashCourses/project, returning: ()
deducing auto plugins based on known facts Set(Atom(sbt.plugins.CorePlugin)) and clauses Clauses(List(Clause(Atom(sbt.plugins.JvmPlugin),Set(Atom(sbt.plugins.IvyPlugin))), Clause(Atom(sbt.plugins.JUnitXmlReportPlugin),Set(Atom(sbt.plugins.JvmPlugin))), Clause(Atom(sbt.plugins.CorePlugin),Set(Atom(sbt.plugins.IvyPlugin))), Clause(Atom(sbt.plugins.IvyPlugin),Set(Atom(sbt.plugins.JvmPlugin))), Clause(Atom(sbt.plugins.JvmPlugin),Set(Atom(sbt.plugins.JUnitXmlReportPlugin)))))
  :: deduced result: Matched(sbt.plugins.CorePlugin,sbt.plugins.IvyPlugin,sbt.plugins.JvmPlugin,sbt.plugins.JUnitXmlReportPlugin)
sorting: ns: List(sbt.plugins.CorePlugin, sbt.plugins.IvyPlugin, sbt.plugins.JvmPlugin, sbt.plugins.JUnitXmlReportPlugin)
  :: sorting:: found: List(sbt.plugins.CorePlugin) not found List(sbt.plugins.IvyPlugin, sbt.plugins.JvmPlugin, sbt.plugins.JUnitXmlReportPlugin)
  :: sorting:: found: List(sbt.plugins.CorePlugin, sbt.plugins.IvyPlugin) not found List(sbt.plugins.JvmPlugin, sbt.plugins.JUnitXmlReportPlugin)
  :: sorting:: found: List(sbt.plugins.CorePlugin, sbt.plugins.IvyPlugin, sbt.plugins.JvmPlugin) not found List(sbt.plugins.JUnitXmlReportPlugin)
  :: sorting:: found: List(sbt.plugins.CorePlugin, sbt.plugins.IvyPlugin, sbt.plugins.JvmPlugin, sbt.plugins.JUnitXmlReportPlugin) not found List()
  :: sorted deduced result: List(sbt.plugins.CorePlugin, sbt.plugins.IvyPlugin, sbt.plugins.JvmPlugin, sbt.plugins.JUnitXmlReportPlugin)
[Loading] Done in /Users/feiyang/Documents/workspace/CrashCourses/project, returning: (crashcourses-build)
Loading project definition from /Users/feiyang/Documents/workspace/CrashCourses/project
Running task... Cancel: sbt.TaskCancellationStrategy$Null$@7066b7a6, check cycles: false

Initial source changes: 
	removed:Set()
	added: Set()
	modified: Set()
Removed products: Set()
External API changes: API Changes: Set()
Modified binary dependencies: Set()
Initial directly invalidated sources: Set()

Sources indirectly invalidated by:
	product: Set()
	binary dep: Set()
	external source: Set()
All initially invalidated sources: Set()

Copy resource mappings: 
	
[Loading] Scanning directory /Users/feiyang/Documents/workspace/CrashCourses
[Loading] Found root project root w/ remaining 
deducing auto plugins based on known facts Set(Atom(play.sbt.PlayJava), Atom(sbt.plugins.CorePlugin)) and clauses Clauses(List(Clause(Atom(sbt.plugins.JvmPlugin),Set(Atom(sbt.plugins.IvyPlugin))), Clause(Atom(sbt.plugins.JUnitXmlReportPlugin),Set(Atom(sbt.plugins.JvmPlugin))), Clause(Atom(com.typesafe.sbteclipse.plugin.EclipsePlugin),Set(Atom(sbt.plugins.JvmPlugin))), Clause(Atom(play.sbt.forkrun.PlayForkRun),Set(Atom(sbt.plugins.BackgroundRunPlugin))), Clause(Atom(play.sbt.forkrun.PlayForkRun),Set(Atom(play.sbt.Play))), Clause(Atom(play.sbt.forkrun.PlayForkRun),Set(Atom(sbt.plugins.SerializersPlugin))), Clause(Atom(play.sbt.Play),Set(Atom(com.typesafe.sbt.packager.archetypes.JavaServerAppPackaging))), Clause(Atom(play.sbt.Play),Set(Atom(play.sbt.routes.RoutesCompiler))), Clause(Atom(play.sbt.Play),Set(Atom(play.twirl.sbt.SbtTwirl))), Clause(Atom(play.sbt.Play),Set(Atom(com.typesafe.sbt.jse.SbtJsTask))), Clause(Atom(play.sbt.PlayAkkaHttpServer),Set(Atom(play.sbt.Play))), Clause(Atom(play.sbt.PlayJava),Set(Atom(play.sbt.Play))), Clause(Atom(play.sbt.PlayLayoutPlugin),Set(Atom(play.sbt.Play))), Clause(Atom(play.sbt.PlayLogback),Set(Atom(play.sbt.Play))), Clause(Atom(play.sbt.PlayNettyServer),Set(Atom(play.sbt.Play))), Clause(Atom(play.sbt.PlayScala),Set(Atom(play.sbt.Play))), Clause(Atom(play.sbt.routes.RoutesCompiler),Set(Atom(sbt.plugins.JvmPlugin))), Clause(Atom(play.twirl.sbt.SbtTwirl),Set(Atom(sbt.plugins.JvmPlugin))), Clause(Atom(com.typesafe.sbt.packager.archetypes.AkkaAppPackaging),Set(Atom(com.typesafe.sbt.packager.archetypes.JavaAppPackaging))), Clause(Atom(com.typesafe.sbt.packager.archetypes.JavaAppPackaging),Set(Atom(com.typesafe.sbt.packager.windows.WindowsPlugin))), Clause(Atom(com.typesafe.sbt.packager.archetypes.JavaAppPackaging),Set(Atom(com.typesafe.sbt.packager.docker.DockerPlugin))), Clause(Atom(com.typesafe.sbt.packager.archetypes.JavaAppPackaging),Set(Atom(com.typesafe.sbt.packager.debian.DebianPlugin))), Clause(Atom(com.typesafe.sbt.packager.archetypes.JavaAppPackaging),Set(Atom(com.typesafe.sbt.packager.rpm.RpmPlugin))), Clause(Atom(com.typesafe.sbt.packager.archetypes.JavaServerAppPackaging),Set(Atom(com.typesafe.sbt.packager.archetypes.JavaAppPackaging))), Clause(Atom(com.typesafe.sbt.packager.archetypes.jar.ClasspathJarPlugin),Set(Atom(com.typesafe.sbt.packager.archetypes.JavaAppPackaging))), Clause(Atom(com.typesafe.sbt.packager.archetypes.jar.LauncherJarPlugin),Set(Atom(com.typesafe.sbt.packager.archetypes.JavaAppPackaging))), Clause(Atom(com.typesafe.sbt.packager.debian.DebianDeployPlugin),Set(Atom(com.typesafe.sbt.packager.debian.DebianPlugin))), Clause(Atom(com.typesafe.sbt.packager.debian.DebianPlugin),Set(Atom(com.typesafe.sbt.packager.linux.LinuxPlugin))), Clause(Atom(com.typesafe.sbt.packager.debian.JDebPackaging),Set(Atom(com.typesafe.sbt.packager.debian.DebianPlugin))), Clause(Atom(com.typesafe.sbt.packager.docker.DockerPlugin),Set(Atom(com.typesafe.sbt.packager.universal.UniversalPlugin))), Clause(Atom(com.typesafe.sbt.packager.jdkpackager.JDKPackagerDeployPlugin),Set(Atom(com.typesafe.sbt.packager.jdkpackager.JDKPackagerPlugin))), Clause(Atom(com.typesafe.sbt.packager.jdkpackager.JDKPackagerPlugin),Set(Atom(com.typesafe.sbt.packager.archetypes.JavaAppPackaging))), Clause(Atom(com.typesafe.sbt.packager.jdkpackager.JDKPackagerPlugin),Set(Atom(com.typesafe.sbt.packager.archetypes.jar.LauncherJarPlugin))), Clause(Atom(com.typesafe.sbt.packager.linux.LinuxPlugin),Set(Atom(com.typesafe.sbt.packager.universal.UniversalPlugin))), Clause(Atom(com.typesafe.sbt.packager.rpm.RpmDeployPlugin),Set(Atom(com.typesafe.sbt.packager.rpm.RpmPlugin))), Clause(Atom(com.typesafe.sbt.packager.rpm.RpmPlugin),Set(Atom(com.typesafe.sbt.packager.linux.LinuxPlugin))), Clause(Atom(com.typesafe.sbt.packager.universal.UniversalDeployPlugin),Set(Atom(com.typesafe.sbt.packager.universal.UniversalPlugin))), Clause(Atom(com.typesafe.sbt.packager.universal.UniversalPlugin),Set(Atom(com.typesafe.sbt.SbtNativePackager))), Clause(Atom(com.typesafe.sbt.packager.windows.WindowsDeployPlugin),Set(Atom(com.typesafe.sbt.packager.windows.WindowsPlugin))), Clause(Atom(com.typesafe.sbt.packager.windows.WindowsPlugin),Set(Atom(com.typesafe.sbt.packager.universal.UniversalPlugin))), Clause(Atom(com.typesafe.sbt.web.SbtWeb),Set(Atom(sbt.plugins.JvmPlugin))), Clause(Atom(sbt.plugins.BackgroundRunPlugin),Set(Atom(sbt.plugins.JvmPlugin))), Clause(Atom(com.typesafe.sbt.coffeescript.SbtCoffeeScript),Set(Atom(com.typesafe.sbt.jse.SbtJsTask))), Clause(Atom(com.typesafe.sbt.less.SbtLess),Set(Atom(com.typesafe.sbt.jse.SbtJsTask))), Clause(Atom(com.typesafe.sbt.jshint.SbtJSHint),Set(Atom(com.typesafe.sbt.jse.SbtJsTask))), Clause(Atom(com.typesafe.sbt.rjs.SbtRjs),Set(Atom(com.typesafe.sbt.jse.SbtJsTask))), Clause(Atom(com.typesafe.sbt.jse.SbtJsEngine),Set(Atom(com.typesafe.sbt.web.SbtWeb))), Clause(Atom(com.typesafe.sbt.jse.SbtJsTask),Set(Atom(com.typesafe.sbt.jse.SbtJsEngine))), Clause(Atom(com.typesafe.sbt.digest.SbtDigest),Set(Atom(com.typesafe.sbt.web.SbtWeb))), Clause(Atom(com.typesafe.sbt.mocha.SbtMocha),Set(Atom(com.typesafe.sbt.jse.SbtJsTask))), Clause(Atom(org.irundaia.sbt.sass.SbtSassify),Set(Atom(com.typesafe.sbt.web.SbtWeb))), Clause(Atom(com.typesafe.play.sbt.enhancer.PlayEnhancer),Set(Atom(sbt.plugins.JvmPlugin))), Clause(Atom(sbt.plugins.CorePlugin),Set(Atom(sbt.plugins.IvyPlugin))), Clause(Atom(sbt.plugins.IvyPlugin),Set(Atom(sbt.plugins.JvmPlugin))), Clause(Atom(sbt.plugins.JvmPlugin),Set(Atom(sbt.plugins.JUnitXmlReportPlugin))), Clause(Atom(sbt.plugins.JvmPlugin),Set(Atom(com.typesafe.sbteclipse.plugin.EclipsePlugin))), Clause(And(Set(Atom(sbt.plugins.BackgroundRunPlugin), Atom(play.sbt.Play), Atom(sbt.plugins.SerializersPlugin))),Set(Atom(play.sbt.forkrun.PlayForkRun))), Clause(Atom(play.sbt.Play),Set(Atom(play.sbt.PlayLayoutPlugin))), Clause(Atom(play.sbt.Play),Set(Atom(play.sbt.PlayLogback))), Clause(Atom(play.sbt.Play),Set(Atom(play.sbt.PlayNettyServer))), Clause(Atom(sbt.plugins.JvmPlugin),Set(Atom(sbt.plugins.BackgroundRunPlugin))), Clause(Atom(sbt.plugins.CorePlugin),Set(Atom(sbt.plugins.InteractionServicePlugin))), Clause(Atom(sbt.plugins.CorePlugin),Set(Atom(sbt.plugins.SendEventServicePlugin))), Clause(Atom(sbt.plugins.CorePlugin),Set(Atom(sbt.plugins.SerializersPlugin))), Clause(Atom(com.typesafe.sbt.jse.SbtJsTask),Set(Atom(com.typesafe.sbt.coffeescript.SbtCoffeeScript))), Clause(Atom(com.typesafe.sbt.jse.SbtJsTask),Set(Atom(com.typesafe.sbt.less.SbtLess))), Clause(Atom(com.typesafe.sbt.jse.SbtJsTask),Set(Atom(com.typesafe.sbt.jshint.SbtJSHint))), Clause(Atom(com.typesafe.sbt.jse.SbtJsTask),Set(Atom(com.typesafe.sbt.rjs.SbtRjs))), Clause(Atom(com.typesafe.sbt.web.SbtWeb),Set(Atom(com.typesafe.sbt.jse.SbtJsEngine))), Clause(Atom(com.typesafe.sbt.jse.SbtJsEngine),Set(Atom(com.typesafe.sbt.jse.SbtJsTask))), Clause(Atom(com.typesafe.sbt.web.SbtWeb),Set(Atom(com.typesafe.sbt.digest.SbtDigest))), Clause(Atom(com.typesafe.sbt.jse.SbtJsTask),Set(Atom(com.typesafe.sbt.mocha.SbtMocha))), Clause(Atom(com.typesafe.sbt.web.SbtWeb),Set(Atom(org.irundaia.sbt.sass.SbtSassify))), Clause(Atom(sbt.plugins.JvmPlugin),Set(Atom(com.typesafe.play.sbt.enhancer.PlayEnhancer)))))
  :: deduced result: Matched(sbt.plugins.CorePlugin,play.sbt.PlayJava,sbt.plugins.InteractionServicePlugin,sbt.plugins.SendEventServicePlugin,play.sbt.Play,sbt.plugins.SerializersPlugin,sbt.plugins.IvyPlugin,com.typesafe.sbt.packager.archetypes.JavaServerAppPackaging,play.twirl.sbt.SbtTwirl,sbt.plugins.JvmPlugin,play.sbt.PlayNettyServer,play.sbt.PlayLayoutPlugin,play.sbt.routes.RoutesCompiler,play.sbt.PlayLogback,com.typesafe.sbt.jse.SbtJsTask,com.typesafe.sbt.jshint.SbtJSHint,com.typesafe.sbteclipse.plugin.EclipsePlugin,com.typesafe.play.sbt.enhancer.PlayEnhancer,com.typesafe.sbt.packager.archetypes.JavaAppPackaging,sbt.plugins.JUnitXmlReportPlugin,com.typesafe.sbt.mocha.SbtMocha,com.typesafe.sbt.less.SbtLess,com.typesafe.sbt.rjs.SbtRjs,com.typesafe.sbt.jse.SbtJsEngine,com.typesafe.sbt.coffeescript.SbtCoffeeScript,sbt.plugins.BackgroundRunPlugin,com.typesafe.sbt.packager.rpm.RpmPlugin,com.typesafe.sbt.packager.windows.WindowsPlugin,com.typesafe.sbt.web.SbtWeb,com.typesafe.sbt.packager.docker.DockerPlugin,play.sbt.forkrun.PlayForkRun,com.typesafe.sbt.packager.debian.DebianPlugin,org.irundaia.sbt.sass.SbtSassify,com.typesafe.sbt.digest.SbtDigest,com.typesafe.sbt.packager.universal.UniversalPlugin,com.typesafe.sbt.packager.linux.LinuxPlugin,com.typesafe.sbt.SbtNativePackager)
sorting: ns: List(sbt.plugins.CorePlugin, play.sbt.PlayJava, sbt.plugins.InteractionServicePlugin, sbt.plugins.SendEventServicePlugin, play.sbt.Play, sbt.plugins.SerializersPlugin, sbt.plugins.IvyPlugin, com.typesafe.sbt.packager.archetypes.JavaServerAppPackaging, play.twirl.sbt.SbtTwirl, sbt.plugins.JvmPlugin, play.sbt.PlayNettyServer, play.sbt.PlayLayoutPlugin, play.sbt.routes.RoutesCompiler, play.sbt.PlayLogback, com.typesafe.sbt.jse.SbtJsTask, com.typesafe.sbt.jshint.SbtJSHint, com.typesafe.sbteclipse.plugin.EclipsePlugin, com.typesafe.play.sbt.enhancer.PlayEnhancer, com.typesafe.sbt.packager.archetypes.JavaAppPackaging, sbt.plugins.JUnitXmlReportPlugin, com.typesafe.sbt.mocha.SbtMocha, com.typesafe.sbt.less.SbtLess, com.typesafe.sbt.rjs.SbtRjs, com.typesafe.sbt.jse.SbtJsEngine, com.typesafe.sbt.coffeescript.SbtCoffeeScript, sbt.plugins.BackgroundRunPlugin, com.typesafe.sbt.packager.rpm.RpmPlugin, com.typesafe.sbt.packager.windows.WindowsPlugin, com.typesafe.sbt.web.SbtWeb, com.typesafe.sbt.packager.docker.DockerPlugin, play.sbt.forkrun.PlayForkRun, com.typesafe.sbt.packager.debian.DebianPlugin, org.irundaia.sbt.sass.SbtSassify, com.typesafe.sbt.digest.SbtDigest, com.typesafe.sbt.packager.universal.UniversalPlugin, com.typesafe.sbt.packager.linux.LinuxPlugin, com.typesafe.sbt.SbtNativePackager)
  :: sorting:: found: List(sbt.plugins.CorePlugin, com.typesafe.sbt.SbtNativePackager) not found List(play.sbt.PlayJava, sbt.plugins.InteractionServicePlugin, sbt.plugins.SendEventServicePlugin, play.sbt.Play, sbt.plugins.SerializersPlugin, sbt.plugins.IvyPlugin, com.typesafe.sbt.packager.archetypes.JavaServerAppPackaging, play.twirl.sbt.SbtTwirl, sbt.plugins.JvmPlugin, play.sbt.PlayNettyServer, play.sbt.PlayLayoutPlugin, play.sbt.routes.RoutesCompiler, play.sbt.PlayLogback, com.typesafe.sbt.jse.SbtJsTask, com.typesafe.sbt.jshint.SbtJSHint, com.typesafe.sbteclipse.plugin.EclipsePlugin, com.typesafe.play.sbt.enhancer.PlayEnhancer, com.typesafe.sbt.packager.archetypes.JavaAppPackaging, sbt.plugins.JUnitXmlReportPlugin, com.typesafe.sbt.mocha.SbtMocha, com.typesafe.sbt.less.SbtLess, com.typesafe.sbt.rjs.SbtRjs, com.typesafe.sbt.jse.SbtJsEngine, com.typesafe.sbt.coffeescript.SbtCoffeeScript, sbt.plugins.BackgroundRunPlugin, com.typesafe.sbt.packager.rpm.RpmPlugin, com.typesafe.sbt.packager.windows.WindowsPlugin, com.typesafe.sbt.web.SbtWeb, com.typesafe.sbt.packager.docker.DockerPlugin, play.sbt.forkrun.PlayForkRun, com.typesafe.sbt.packager.debian.DebianPlugin, org.irundaia.sbt.sass.SbtSassify, com.typesafe.sbt.digest.SbtDigest, com.typesafe.sbt.packager.universal.UniversalPlugin, com.typesafe.sbt.packager.linux.LinuxPlugin)
  :: sorting:: found: List(sbt.plugins.CorePlugin, com.typesafe.sbt.SbtNativePackager, sbt.plugins.InteractionServicePlugin, sbt.plugins.SendEventServicePlugin, sbt.plugins.SerializersPlugin, sbt.plugins.IvyPlugin, com.typesafe.sbt.packager.universal.UniversalPlugin) not found List(play.sbt.PlayJava, play.sbt.Play, com.typesafe.sbt.packager.archetypes.JavaServerAppPackaging, play.twirl.sbt.SbtTwirl, sbt.plugins.JvmPlugin, play.sbt.PlayNettyServer, play.sbt.PlayLayoutPlugin, play.sbt.routes.RoutesCompiler, play.sbt.PlayLogback, com.typesafe.sbt.jse.SbtJsTask, com.typesafe.sbt.jshint.SbtJSHint, com.typesafe.sbteclipse.plugin.EclipsePlugin, com.typesafe.play.sbt.enhancer.PlayEnhancer, com.typesafe.sbt.packager.archetypes.JavaAppPackaging, sbt.plugins.JUnitXmlReportPlugin, com.typesafe.sbt.mocha.SbtMocha, com.typesafe.sbt.less.SbtLess, com.typesafe.sbt.rjs.SbtRjs, com.typesafe.sbt.jse.SbtJsEngine, com.typesafe.sbt.coffeescript.SbtCoffeeScript, sbt.plugins.BackgroundRunPlugin, com.typesafe.sbt.packager.rpm.RpmPlugin, com.typesafe.sbt.packager.windows.WindowsPlugin, com.typesafe.sbt.web.SbtWeb, com.typesafe.sbt.packager.docker.DockerPlugin, play.sbt.forkrun.PlayForkRun, com.typesafe.sbt.packager.debian.DebianPlugin, org.irundaia.sbt.sass.SbtSassify, com.typesafe.sbt.digest.SbtDigest, com.typesafe.sbt.packager.linux.LinuxPlugin)
  :: sorting:: found: List(sbt.plugins.CorePlugin, com.typesafe.sbt.SbtNativePackager, sbt.plugins.InteractionServicePlugin, sbt.plugins.SendEventServicePlugin, sbt.plugins.SerializersPlugin, sbt.plugins.IvyPlugin, com.typesafe.sbt.packager.universal.UniversalPlugin, sbt.plugins.JvmPlugin, com.typesafe.sbt.packager.windows.WindowsPlugin, com.typesafe.sbt.packager.docker.DockerPlugin, com.typesafe.sbt.packager.linux.LinuxPlugin) not found List(play.sbt.PlayJava, play.sbt.Play, com.typesafe.sbt.packager.archetypes.JavaServerAppPackaging, play.twirl.sbt.SbtTwirl, play.sbt.PlayNettyServer, play.sbt.PlayLayoutPlugin, play.sbt.routes.RoutesCompiler, play.sbt.PlayLogback, com.typesafe.sbt.jse.SbtJsTask, com.typesafe.sbt.jshint.SbtJSHint, com.typesafe.sbteclipse.plugin.EclipsePlugin, com.typesafe.play.sbt.enhancer.PlayEnhancer, com.typesafe.sbt.packager.archetypes.JavaAppPackaging, sbt.plugins.JUnitXmlReportPlugin, com.typesafe.sbt.mocha.SbtMocha, com.typesafe.sbt.less.SbtLess, com.typesafe.sbt.rjs.SbtRjs, com.typesafe.sbt.jse.SbtJsEngine, com.typesafe.sbt.coffeescript.SbtCoffeeScript, sbt.plugins.BackgroundRunPlugin, com.typesafe.sbt.packager.rpm.RpmPlugin, com.typesafe.sbt.web.SbtWeb, play.sbt.forkrun.PlayForkRun, com.typesafe.sbt.packager.debian.DebianPlugin, org.irundaia.sbt.sass.SbtSassify, com.typesafe.sbt.digest.SbtDigest)
  :: sorting:: found: List(sbt.plugins.CorePlugin, com.typesafe.sbt.SbtNativePackager, sbt.plugins.InteractionServicePlugin, sbt.plugins.SendEventServicePlugin, sbt.plugins.SerializersPlugin, sbt.plugins.IvyPlugin, com.typesafe.sbt.packager.universal.UniversalPlugin, sbt.plugins.JvmPlugin, com.typesafe.sbt.packager.windows.WindowsPlugin, com.typesafe.sbt.packager.docker.DockerPlugin, com.typesafe.sbt.packager.linux.LinuxPlugin, play.twirl.sbt.SbtTwirl, play.sbt.routes.RoutesCompiler, com.typesafe.sbteclipse.plugin.EclipsePlugin, com.typesafe.play.sbt.enhancer.PlayEnhancer, sbt.plugins.JUnitXmlReportPlugin, sbt.plugins.BackgroundRunPlugin, com.typesafe.sbt.packager.rpm.RpmPlugin, com.typesafe.sbt.web.SbtWeb, com.typesafe.sbt.packager.debian.DebianPlugin) not found List(play.sbt.PlayJava, play.sbt.Play, com.typesafe.sbt.packager.archetypes.JavaServerAppPackaging, play.sbt.PlayNettyServer, play.sbt.PlayLayoutPlugin, play.sbt.PlayLogback, com.typesafe.sbt.jse.SbtJsTask, com.typesafe.sbt.jshint.SbtJSHint, com.typesafe.sbt.packager.archetypes.JavaAppPackaging, com.typesafe.sbt.mocha.SbtMocha, com.typesafe.sbt.less.SbtLess, com.typesafe.sbt.rjs.SbtRjs, com.typesafe.sbt.jse.SbtJsEngine, com.typesafe.sbt.coffeescript.SbtCoffeeScript, play.sbt.forkrun.PlayForkRun, org.irundaia.sbt.sass.SbtSassify, com.typesafe.sbt.digest.SbtDigest)
  :: sorting:: found: List(sbt.plugins.CorePlugin, com.typesafe.sbt.SbtNativePackager, sbt.plugins.InteractionServicePlugin, sbt.plugins.SendEventServicePlugin, sbt.plugins.SerializersPlugin, sbt.plugins.IvyPlugin, com.typesafe.sbt.packager.universal.UniversalPlugin, sbt.plugins.JvmPlugin, com.typesafe.sbt.packager.windows.WindowsPlugin, com.typesafe.sbt.packager.docker.DockerPlugin, com.typesafe.sbt.packager.linux.LinuxPlugin, play.twirl.sbt.SbtTwirl, play.sbt.routes.RoutesCompiler, com.typesafe.sbteclipse.plugin.EclipsePlugin, com.typesafe.play.sbt.enhancer.PlayEnhancer, sbt.plugins.JUnitXmlReportPlugin, sbt.plugins.BackgroundRunPlugin, com.typesafe.sbt.packager.rpm.RpmPlugin, com.typesafe.sbt.web.SbtWeb, com.typesafe.sbt.packager.debian.DebianPlugin, com.typesafe.sbt.packager.archetypes.JavaAppPackaging, com.typesafe.sbt.jse.SbtJsEngine, org.irundaia.sbt.sass.SbtSassify, com.typesafe.sbt.digest.SbtDigest) not found List(play.sbt.PlayJava, play.sbt.Play, com.typesafe.sbt.packager.archetypes.JavaServerAppPackaging, play.sbt.PlayNettyServer, play.sbt.PlayLayoutPlugin, play.sbt.PlayLogback, com.typesafe.sbt.jse.SbtJsTask, com.typesafe.sbt.jshint.SbtJSHint, com.typesafe.sbt.mocha.SbtMocha, com.typesafe.sbt.less.SbtLess, com.typesafe.sbt.rjs.SbtRjs, com.typesafe.sbt.coffeescript.SbtCoffeeScript, play.sbt.forkrun.PlayForkRun)
  :: sorting:: found: List(sbt.plugins.CorePlugin, com.typesafe.sbt.SbtNativePackager, sbt.plugins.InteractionServicePlugin, sbt.plugins.SendEventServicePlugin, sbt.plugins.SerializersPlugin, sbt.plugins.IvyPlugin, com.typesafe.sbt.packager.universal.UniversalPlugin, sbt.plugins.JvmPlugin, com.typesafe.sbt.packager.windows.WindowsPlugin, com.typesafe.sbt.packager.docker.DockerPlugin, com.typesafe.sbt.packager.linux.LinuxPlugin, play.twirl.sbt.SbtTwirl, play.sbt.routes.RoutesCompiler, com.typesafe.sbteclipse.plugin.EclipsePlugin, com.typesafe.play.sbt.enhancer.PlayEnhancer, sbt.plugins.JUnitXmlReportPlugin, sbt.plugins.BackgroundRunPlugin, com.typesafe.sbt.packager.rpm.RpmPlugin, com.typesafe.sbt.web.SbtWeb, com.typesafe.sbt.packager.debian.DebianPlugin, com.typesafe.sbt.packager.archetypes.JavaAppPackaging, com.typesafe.sbt.jse.SbtJsEngine, org.irundaia.sbt.sass.SbtSassify, com.typesafe.sbt.digest.SbtDigest, com.typesafe.sbt.packager.archetypes.JavaServerAppPackaging, com.typesafe.sbt.jse.SbtJsTask) not found List(play.sbt.PlayJava, play.sbt.Play, play.sbt.PlayNettyServer, play.sbt.PlayLayoutPlugin, play.sbt.PlayLogback, com.typesafe.sbt.jshint.SbtJSHint, com.typesafe.sbt.mocha.SbtMocha, com.typesafe.sbt.less.SbtLess, com.typesafe.sbt.rjs.SbtRjs, com.typesafe.sbt.coffeescript.SbtCoffeeScript, play.sbt.forkrun.PlayForkRun)
  :: sorting:: found: List(sbt.plugins.CorePlugin, com.typesafe.sbt.SbtNativePackager, sbt.plugins.InteractionServicePlugin, sbt.plugins.SendEventServicePlugin, sbt.plugins.SerializersPlugin, sbt.plugins.IvyPlugin, com.typesafe.sbt.packager.universal.UniversalPlugin, sbt.plugins.JvmPlugin, com.typesafe.sbt.packager.windows.WindowsPlugin, com.typesafe.sbt.packager.docker.DockerPlugin, com.typesafe.sbt.packager.linux.LinuxPlugin, play.twirl.sbt.SbtTwirl, play.sbt.routes.RoutesCompiler, com.typesafe.sbteclipse.plugin.EclipsePlugin, com.typesafe.play.sbt.enhancer.PlayEnhancer, sbt.plugins.JUnitXmlReportPlugin, sbt.plugins.BackgroundRunPlugin, com.typesafe.sbt.packager.rpm.RpmPlugin, com.typesafe.sbt.web.SbtWeb, com.typesafe.sbt.packager.debian.DebianPlugin, com.typesafe.sbt.packager.archetypes.JavaAppPackaging, com.typesafe.sbt.jse.SbtJsEngine, org.irundaia.sbt.sass.SbtSassify, com.typesafe.sbt.digest.SbtDigest, com.typesafe.sbt.packager.archetypes.JavaServerAppPackaging, com.typesafe.sbt.jse.SbtJsTask, play.sbt.Play, com.typesafe.sbt.jshint.SbtJSHint, com.typesafe.sbt.mocha.SbtMocha, com.typesafe.sbt.less.SbtLess, com.typesafe.sbt.rjs.SbtRjs, com.typesafe.sbt.coffeescript.SbtCoffeeScript) not found List(play.sbt.PlayJava, play.sbt.PlayNettyServer, play.sbt.PlayLayoutPlugin, play.sbt.PlayLogback, play.sbt.forkrun.PlayForkRun)
  :: sorting:: found: List(sbt.plugins.CorePlugin, com.typesafe.sbt.SbtNativePackager, sbt.plugins.InteractionServicePlugin, sbt.plugins.SendEventServicePlugin, sbt.plugins.SerializersPlugin, sbt.plugins.IvyPlugin, com.typesafe.sbt.packager.universal.UniversalPlugin, sbt.plugins.JvmPlugin, com.typesafe.sbt.packager.windows.WindowsPlugin, com.typesafe.sbt.packager.docker.DockerPlugin, com.typesafe.sbt.packager.linux.LinuxPlugin, play.twirl.sbt.SbtTwirl, play.sbt.routes.RoutesCompiler, com.typesafe.sbteclipse.plugin.EclipsePlugin, com.typesafe.play.sbt.enhancer.PlayEnhancer, sbt.plugins.JUnitXmlReportPlugin, sbt.plugins.BackgroundRunPlugin, com.typesafe.sbt.packager.rpm.RpmPlugin, com.typesafe.sbt.web.SbtWeb, com.typesafe.sbt.packager.debian.DebianPlugin, com.typesafe.sbt.packager.archetypes.JavaAppPackaging, com.typesafe.sbt.jse.SbtJsEngine, org.irundaia.sbt.sass.SbtSassify, com.typesafe.sbt.digest.SbtDigest, com.typesafe.sbt.packager.archetypes.JavaServerAppPackaging, com.typesafe.sbt.jse.SbtJsTask, play.sbt.Play, com.typesafe.sbt.jshint.SbtJSHint, com.typesafe.sbt.mocha.SbtMocha, com.typesafe.sbt.less.SbtLess, com.typesafe.sbt.rjs.SbtRjs, com.typesafe.sbt.coffeescript.SbtCoffeeScript, play.sbt.PlayJava, play.sbt.PlayNettyServer, play.sbt.PlayLayoutPlugin, play.sbt.PlayLogback, play.sbt.forkrun.PlayForkRun) not found List()
  :: sorted deduced result: List(sbt.plugins.CorePlugin, com.typesafe.sbt.SbtNativePackager, sbt.plugins.InteractionServicePlugin, sbt.plugins.SendEventServicePlugin, sbt.plugins.SerializersPlugin, sbt.plugins.IvyPlugin, com.typesafe.sbt.packager.universal.UniversalPlugin, sbt.plugins.JvmPlugin, com.typesafe.sbt.packager.windows.WindowsPlugin, com.typesafe.sbt.packager.docker.DockerPlugin, com.typesafe.sbt.packager.linux.LinuxPlugin, play.twirl.sbt.SbtTwirl, play.sbt.routes.RoutesCompiler, com.typesafe.sbteclipse.plugin.EclipsePlugin, com.typesafe.play.sbt.enhancer.PlayEnhancer, sbt.plugins.JUnitXmlReportPlugin, sbt.plugins.BackgroundRunPlugin, com.typesafe.sbt.packager.rpm.RpmPlugin, com.typesafe.sbt.web.SbtWeb, com.typesafe.sbt.packager.debian.DebianPlugin, com.typesafe.sbt.packager.archetypes.JavaAppPackaging, com.typesafe.sbt.jse.SbtJsEngine, org.irundaia.sbt.sass.SbtSassify, com.typesafe.sbt.digest.SbtDigest, com.typesafe.sbt.packager.archetypes.JavaServerAppPackaging, com.typesafe.sbt.jse.SbtJsTask, play.sbt.Play, com.typesafe.sbt.jshint.SbtJSHint, com.typesafe.sbt.mocha.SbtMocha, com.typesafe.sbt.less.SbtLess, com.typesafe.sbt.rjs.SbtRjs, com.typesafe.sbt.coffeescript.SbtCoffeeScript, play.sbt.PlayJava, play.sbt.PlayNettyServer, play.sbt.PlayLayoutPlugin, play.sbt.PlayLogback, play.sbt.forkrun.PlayForkRun)
[Loading] Done in /Users/feiyang/Documents/workspace/CrashCourses, returning: (root)
Set current project to CrashCourses (in build file:/Users/feiyang/Documents/workspace/CrashCourses/)
Reapplying settings...
Set current project to CrashCourses (in build file:/Users/feiyang/Documents/workspace/CrashCourses/)
> iflast shell
> server-send-ready-for-request
> server-handle-next-server-request
> {file:/Users/feiyang/Documents/workspace/CrashCourses/}root/compile:discoveredMainClasses
Evaluating tasks: compile:discoveredMainClasses
Running task... Cancel: sbt.server.ServerTaskCancellation@640fd0b, check cycles: false
Read from stdout: /Users/feiyang/Documents/workspace/CrashCourses/app/views/res.scala.html:235: Expected ending '}'
/Users/feiyang/Documents/workspace/CrashCourses/app/views/res.scala.html:235: Expected ending '}'
Read from stdout: </html>
</html>
Read from stdout: ^
       ^
Read from stdout: (compile:twirlCompileTemplates) Twirl compilation failed
(compile:twirlCompileTemplates) Twirl compilation failed
Total time: 2 s, completed 2017-3-1 14:48:09
> server-post-command-error-handler
> server-post-command-cleanup
> server-handle-next-server-request
> {file:/Users/feiyang/Documents/workspace/CrashCourses/}root/compile:mainClass
Evaluating tasks: compile:mainClass
Running task... Cancel: sbt.server.ServerTaskCancellation@2045d691, check cycles: false
Total time: 0 s, completed 2017-3-1 14:48:09
> server-post-command-cleanup
> server-handle-next-server-request
> {file:/Users/feiyang/Documents/workspace/CrashCourses/}root/compile:discoveredMainClasses
Evaluating tasks: compile:discoveredMainClasses
Running task... Cancel: sbt.server.ServerTaskCancellation@4b16388, check cycles: false
Read from stdout: /Users/feiyang/Documents/workspace/CrashCourses/app/views/res.scala.html:235: Expected ending '}'
/Users/feiyang/Documents/workspace/CrashCourses/app/views/res.scala.html:235: Expected ending '}'
Read from stdout: </html>
</html>
Read from stdout: ^
       ^
Read from stdout: (compile:twirlCompileTemplates) Twirl compilation failed
(compile:twirlCompileTemplates) Twirl compilation failed
Total time: 1 s, completed 2017-3-1 14:48:11
> server-post-command-error-handler
> server-post-command-cleanup
> server-handle-next-server-request
> {file:/Users/feiyang/Documents/workspace/CrashCourses/}root/compile:mainClass
Evaluating tasks: compile:mainClass
Running task... Cancel: sbt.server.ServerTaskCancellation@631d16ce, check cycles: false
Total time: 0 s, completed 2017-3-1 14:48:11
> server-post-command-cleanup
> server-handle-next-server-request
> {file:/Users/feiyang/Documents/workspace/CrashCourses/}root/compile:discoveredMainClasses
Evaluating tasks: compile:discoveredMainClasses
Running task... Cancel: sbt.server.ServerTaskCancellation@c241528, check cycles: false
Read from stdout: /Users/feiyang/Documents/workspace/CrashCourses/app/views/res.scala.html:235: Expected ending '}'
/Users/feiyang/Documents/workspace/CrashCourses/app/views/res.scala.html:235: Expected ending '}'
Read from stdout: </html>
</html>
Read from stdout: ^
       ^
Read from stdout: (compile:twirlCompileTemplates) Twirl compilation failed
(compile:twirlCompileTemplates) Twirl compilation failed
Total time: 1 s, completed 2017-3-1 14:48:12
> server-post-command-error-handler
> server-post-command-cleanup
> server-handle-next-server-request
> compile
Evaluating tasks: compile:compile
Running task... Cancel: sbt.server.ServerTaskCancellation@67b1c7c9, check cycles: false

Initial source changes: 
	removed:Set()
	added: Set(/Users/feiyang/Documents/workspace/CrashCourses/target/scala-2.11/routes/main/controllers/routes.java, /Users/feiyang/Documents/workspace/CrashCourses/target/scala-2.11/twirl/main/views/html/index.template.scala, /Users/feiyang/Documents/workspace/CrashCourses/app/ucsbCurriculum/CourseScraper/CourseScraper.java, /Users/feiyang/Documents/workspace/CrashCourses/target/scala-2.11/routes/main/router/Routes.scala, /Users/feiyang/Documents/workspace/CrashCourses/app/WebScrapper/SearchRequest.java, /Users/feiyang/Documents/workspace/CrashCourses/app/Filters.java, /Users/feiyang/Documents/workspace/CrashCourses/target/scala-2.11/routes/main/controllers/ReverseRoutes.scala, /Users/feiyang/Documents/workspace/CrashCourses/target/scala-2.11/twirl/main/views/html/main.template.scala, /Users/feiyang/Documents/workspace/CrashCourses/app/ucsbCurriculum/Utility/Time.java, /Users/feiyang/Documents/workspace/CrashCourses/app/controllers/AsyncController.java, /Users/feiyang/Documents/workspace/CrashCourses/app/Module.java, /Users/feiyang/Documents/workspace/CrashCourses/app/controllers/CountController.java, /Users/feiyang/Documents/workspace/CrashCourses/app/WebScrapper/WebScrapper.java, /Users/feiyang/Documents/workspace/CrashCourses/app/ucsbCurriculum/Scheduler/Schedule.java, /Users/feiyang/Documents/workspace/CrashCourses/app/controllers/HomeController.java, /Users/feiyang/Documents/workspace/CrashCourses/app/ucsbCurriculum/CourseScraper/SearchRequest.java, /Users/feiyang/Documents/workspace/CrashCourses/app/controllers/Application.java, /Users/feiyang/Documents/workspace/CrashCourses/app/ucsbCurriculum/Utility/Util.java, /Users/feiyang/Documents/workspace/CrashCourses/target/scala-2.11/twirl/main/views/html/res.template.scala, /Users/feiyang/Documents/workspace/CrashCourses/target/scala-2.11/routes/main/controllers/javascript/JavaScriptReverseRoutes.scala, /Users/feiyang/Documents/workspace/CrashCourses/app/services/AtomicCounter.java, /Users/feiyang/Documents/workspace/CrashCourses/app/services/ApplicationTimer.java, /Users/feiyang/Documents/workspace/CrashCourses/target/scala-2.11/routes/main/router/RoutesPrefix.scala, /Users/feiyang/Documents/workspace/CrashCourses/app/ucsbCurriculum/Utility/Course.java, /Users/feiyang/Documents/workspace/CrashCourses/app/services/Counter.java, /Users/feiyang/Documents/workspace/CrashCourses/app/filters/ExampleFilter.java)
	modified: Set()
Removed products: Set()
External API changes: API Changes: Set()
Modified binary dependencies: Set()
Initial directly invalidated sources: Set(/Users/feiyang/Documents/workspace/CrashCourses/target/scala-2.11/routes/main/controllers/routes.java, /Users/feiyang/Documents/workspace/CrashCourses/target/scala-2.11/twirl/main/views/html/index.template.scala, /Users/feiyang/Documents/workspace/CrashCourses/app/ucsbCurriculum/CourseScraper/CourseScraper.java, /Users/feiyang/Documents/workspace/CrashCourses/target/scala-2.11/routes/main/router/Routes.scala, /Users/feiyang/Documents/workspace/CrashCourses/app/WebScrapper/SearchRequest.java, /Users/feiyang/Documents/workspace/CrashCourses/app/Filters.java, /Users/feiyang/Documents/workspace/CrashCourses/target/scala-2.11/routes/main/controllers/ReverseRoutes.scala, /Users/feiyang/Documents/workspace/CrashCourses/target/scala-2.11/twirl/main/views/html/main.template.scala, /Users/feiyang/Documents/workspace/CrashCourses/app/ucsbCurriculum/Utility/Time.java, /Users/feiyang/Documents/workspace/CrashCourses/app/controllers/AsyncController.java, /Users/feiyang/Documents/workspace/CrashCourses/app/Module.java, /Users/feiyang/Documents/workspace/CrashCourses/app/controllers/CountController.java, /Users/feiyang/Documents/workspace/CrashCourses/app/WebScrapper/WebScrapper.java, /Users/feiyang/Documents/workspace/CrashCourses/app/ucsbCurriculum/Scheduler/Schedule.java, /Users/feiyang/Documents/workspace/CrashCourses/app/controllers/HomeController.java, /Users/feiyang/Documents/workspace/CrashCourses/app/ucsbCurriculum/CourseScraper/SearchRequest.java, /Users/feiyang/Documents/workspace/CrashCourses/app/controllers/Application.java, /Users/feiyang/Documents/workspace/CrashCourses/app/ucsbCurriculum/Utility/Util.java, /Users/feiyang/Documents/workspace/CrashCourses/target/scala-2.11/twirl/main/views/html/res.template.scala, /Users/feiyang/Documents/workspace/CrashCourses/target/scala-2.11/routes/main/controllers/javascript/JavaScriptReverseRoutes.scala, /Users/feiyang/Documents/workspace/CrashCourses/app/services/AtomicCounter.java, /Users/feiyang/Documents/workspace/CrashCourses/app/services/ApplicationTimer.java, /Users/feiyang/Documents/workspace/CrashCourses/target/scala-2.11/routes/main/router/RoutesPrefix.scala, /Users/feiyang/Documents/workspace/CrashCourses/app/ucsbCurriculum/Utility/Course.java, /Users/feiyang/Documents/workspace/CrashCourses/app/services/Counter.java, /Users/feiyang/Documents/workspace/CrashCourses/app/filters/ExampleFilter.java)

Sources indirectly invalidated by:
	product: Set()
	binary dep: Set()
	external source: Set()
All initially invalidated sources: Set(/Users/feiyang/Documents/workspace/CrashCourses/target/scala-2.11/routes/main/controllers/routes.java, /Users/feiyang/Documents/workspace/CrashCourses/target/scala-2.11/twirl/main/views/html/index.template.scala, /Users/feiyang/Documents/workspace/CrashCourses/app/ucsbCurriculum/CourseScraper/CourseScraper.java, /Users/feiyang/Documents/workspace/CrashCourses/target/scala-2.11/routes/main/router/Routes.scala, /Users/feiyang/Documents/workspace/CrashCourses/app/WebScrapper/SearchRequest.java, /Users/feiyang/Documents/workspace/CrashCourses/app/Filters.java, /Users/feiyang/Documents/workspace/CrashCourses/target/scala-2.11/routes/main/controllers/ReverseRoutes.scala, /Users/feiyang/Documents/workspace/CrashCourses/target/scala-2.11/twirl/main/views/html/main.template.scala, /Users/feiyang/Documents/workspace/CrashCourses/app/ucsbCurriculum/Utility/Time.java, /Users/feiyang/Documents/workspace/CrashCourses/app/controllers/AsyncController.java, /Users/feiyang/Documents/workspace/CrashCourses/app/Module.java, /Users/feiyang/Documents/workspace/CrashCourses/app/controllers/CountController.java, /Users/feiyang/Documents/workspace/CrashCourses/app/WebScrapper/WebScrapper.java, /Users/feiyang/Documents/workspace/CrashCourses/app/ucsbCurriculum/Scheduler/Schedule.java, /Users/feiyang/Documents/workspace/CrashCourses/app/controllers/HomeController.java, /Users/feiyang/Documents/workspace/CrashCourses/app/ucsbCurriculum/CourseScraper/SearchRequest.java, /Users/feiyang/Documents/workspace/CrashCourses/app/controllers/Application.java, /Users/feiyang/Documents/workspace/CrashCourses/app/ucsbCurriculum/Utility/Util.java, /Users/feiyang/Documents/workspace/CrashCourses/target/scala-2.11/twirl/main/views/html/res.template.scala, /Users/feiyang/Documents/workspace/CrashCourses/target/scala-2.11/routes/main/controllers/javascript/JavaScriptReverseRoutes.scala, /Users/feiyang/Documents/workspace/CrashCourses/app/services/AtomicCounter.java, /Users/feiyang/Documents/workspace/CrashCourses/app/services/ApplicationTimer.java, /Users/feiyang/Documents/workspace/CrashCourses/target/scala-2.11/routes/main/router/RoutesPrefix.scala, /Users/feiyang/Documents/workspace/CrashCourses/app/ucsbCurriculum/Utility/Course.java, /Users/feiyang/Documents/workspace/CrashCourses/app/services/Counter.java, /Users/feiyang/Documents/workspace/CrashCourses/app/filters/ExampleFilter.java)

Recompiling all 26 sources: invalidated sources (26) exceeded 50.0% of all sources
Read from stdout: Compiling 7 Scala sources and 19 Java sources to /Users/feiyang/Documents/workspace/CrashCourses/target/scala-2.11/classes...
Compiling 7 Scala sources and 19 Java sources to /Users/feiyang/Documents/workspace/CrashCourses/target/scala-2.11/classes...
Getting compiler-interface from component compiler for Scala 2.11.7
Other repositories:
Default repositories:
Getting compiler-interface from component compiler for Scala 2.11.7
Other repositories:
Default repositories:
Running cached compiler 3f334de, interfacing (CompilerInterface) with Scala compiler version 2.11.7
Calling Scala compiler with arguments  (CompilerInterface):
	-deprecation
	-unchecked
	-encoding
	utf8
	-bootclasspath
	/Library/Java/JavaVirtualMachines/jdk1.8.0_111.jdk/Contents/Home/jre/lib/resources.jar:/Library/Java/JavaVirtualMachines/jdk1.8.0_111.jdk/Contents/Home/jre/lib/rt.jar:/Library/Java/JavaVirtualMachines/jdk1.8.0_111.jdk/Contents/Home/jre/lib/sunrsasign.jar:/Library/Java/JavaVirtualMachines/jdk1.8.0_111.jdk/Contents/Home/jre/lib/jsse.jar:/Library/Java/JavaVirtualMachines/jdk1.8.0_111.jdk/Contents/Home/jre/lib/jce.jar:/Library/Java/JavaVirtualMachines/jdk1.8.0_111.jdk/Contents/Home/jre/lib/charsets.jar:/Library/Java/JavaVirtualMachines/jdk1.8.0_111.jdk/Contents/Home/jre/lib/jfr.jar:/Library/Java/JavaVirtualMachines/jdk1.8.0_111.jdk/Contents/Home/jre/classes:/Users/feiyang/Documents/workspace/activator-dist-1.3.12/repository/org.scala-lang/scala-library/2.11.7/jars/scala-library.jar
	-classpath
	/Users/feiyang/Documents/workspace/CrashCourses/target/scala-2.11/classes:/Users/feiyang/Documents/workspace/CrashCourses/lib/jsoup-1.10.2.jar:/Users/feiyang/Documents/workspace/activator-dist-1.3.12/repository/com.typesafe.play/twirl-api_2.11/1.1.1/jars/twirl-api_2.11.jar:/Users/feiyang/Documents/workspace/activator-dist-1.3.12/repository/org.apache.commons/commons-lang3/3.4/jars/commons-lang3.jar:/Users/feiyang/.ivy2/cache/org.scala-lang.modules/scala-xml_2.11/bundles/scala-xml_2.11-1.0.1.jar:/Users/feiyang/Documents/workspace/activator-dist-1.3.12/repository/com.typesafe.play/play-enhancer/1.1.0/jars/play-enhancer.jar:/Users/feiyang/.ivy2/cache/com.typesafe.play/play-server_2.11/jars/play-server_2.11-2.5.10.jar:/Users/feiyang/.ivy2/cache/com.typesafe.play/play_2.11/jars/play_2.11-2.5.10.jar:/Users/feiyang/.ivy2/cache/com.typesafe.play/build-link/jars/build-link-2.5.10.jar:/Users/feiyang/.ivy2/cache/com.typesafe.play/play-exceptions/jars/play-exceptions-2.5.10.jar:/Users/feiyang/.ivy2/cache/com.typesafe.play/play-iteratees_2.11/jars/play-iteratees_2.11-2.5.10.jar:/Users/feiyang/.ivy2/cache/org.scala-stm/scala-stm_2.11/jars/scala-stm_2.11-0.7.jar:/Users/feiyang/Documents/workspace/activator-dist-1.3.12/repository/com.typesafe/config/1.3.0/bundles/config.jar:/Users/feiyang/.ivy2/cache/com.typesafe.play/play-json_2.11/jars/play-json_2.11-2.5.10.jar:/Users/feiyang/.ivy2/cache/com.typesafe.play/play-functional_2.11/jars/play-functional_2.11-2.5.10.jar:/Users/feiyang/.ivy2/cache/com.typesafe.play/play-datacommons_2.11/jars/play-datacommons_2.11-2.5.10.jar:/Users/feiyang/.ivy2/cache/joda-time/joda-time/jars/joda-time-2.9.6.jar:/Users/feiyang/Documents/workspace/activator-dist-1.3.12/repository/org.joda/joda-convert/1.8.1/jars/joda-convert.jar:/Users/feiyang/Documents/workspace/activator-dist-1.3.12/repository/org.scala-lang/scala-reflect/2.11.7/jars/scala-reflect.jar:/Users/feiyang/.ivy2/cache/com.fasterxml.jackson.core/jackson-core/bundles/jackson-core-2.7.8.jar:/Users/feiyang/.ivy2/cache/com.fasterxml.jackson.core/jackson-annotations/bundles/jackson-annotations-2.7.8.jar:/Users/feiyang/.ivy2/cache/com.fasterxml.jackson.core/jackson-databind/bundles/jackson-databind-2.7.8.jar:/Users/feiyang/.ivy2/cache/com.fasterxml.jackson.datatype/jackson-datatype-jdk8/bundles/jackson-datatype-jdk8-2.7.8.jar:/Users/feiyang/.ivy2/cache/com.fasterxml.jackson.datatype/jackson-datatype-jsr310/bundles/jackson-datatype-jsr310-2.7.8.jar:/Users/feiyang/.ivy2/cache/com.typesafe.play/play-netty-utils/jars/play-netty-utils-2.5.10.jar:/Users/feiyang/Documents/workspace/activator-dist-1.3.12/repository/org.slf4j/slf4j-api/1.7.21/jars/slf4j-api.jar:/Users/feiyang/Documents/workspace/activator-dist-1.3.12/repository/org.slf4j/jul-to-slf4j/1.7.21/jars/jul-to-slf4j.jar:/Users/feiyang/Documents/workspace/activator-dist-1.3.12/repository/org.slf4j/jcl-over-slf4j/1.7.21/jars/jcl-over-slf4j.jar:/Users/feiyang/.ivy2/cache/com.typesafe.play/play-streams_2.11/jars/play-streams_2.11-2.5.10.jar:/Users/feiyang/Documents/workspace/activator-dist-1.3.12/repository/org.reactivestreams/reactive-streams/1.0.0/jars/reactive-streams.jar:/Users/feiyang/.ivy2/cache/com.typesafe.akka/akka-stream_2.11/jars/akka-stream_2.11-2.4.12.jar:/Users/feiyang/.ivy2/cache/com.typesafe.akka/akka-actor_2.11/jars/akka-actor_2.11-2.4.12.jar:/Users/feiyang/Documents/workspace/activator-dist-1.3.12/repository/org.scala-lang.modules/scala-java8-compat_2.11/0.7.0/bundles/scala-java8-compat_2.11.jar:/Users/feiyang/Documents/workspace/activator-dist-1.3.12/repository/com.typesafe/ssl-config-core_2.11/0.2.1/bundles/ssl-config-core_2.11.jar:/Users/feiyang/.ivy2/cache/org.scala-lang.modules/scala-parser-combinators_2.11/bundles/scala-parser-combinators_2.11-1.0.4.jar:/Users/feiyang/.ivy2/cache/com.typesafe.akka/akka-slf4j_2.11/jars/akka-slf4j_2.11-2.4.12.jar:/Users/feiyang/Documents/workspace/activator-dist-1.3.12/repository/commons-codec/commons-codec/1.10/jars/commons-codec.jar:/Users/feiyang/.ivy2/cache/xerces/xercesImpl/jars/xercesImpl-2.11.0.jar:/Users/feiyang/.ivy2/cache/xml-apis/xml-apis/jars/xml-apis-1.4.01.jar:/Users/feiyang/.ivy2/cache/javax.transaction/jta/jars/jta-1.1.jar:/Users/feiyang/Documents/workspace/activator-dist-1.3.12/repository/com.google.inject/guice/4.0/jars/guice.jar:/Users/feiyang/Documents/workspace/activator-dist-1.3.12/repository/javax.inject/javax.inject/1/jars/javax.inject.jar:/Users/feiyang/Documents/workspace/activator-dist-1.3.12/repository/aopalliance/aopalliance/1.0/jars/aopalliance.jar:/Users/feiyang/Documents/workspace/activator-dist-1.3.12/repository/com.google.inject.extensions/guice-assistedinject/4.0/jars/guice-assistedinject.jar:/Users/feiyang/.ivy2/cache/com.typesafe.play/play-java_2.11/jars/play-java_2.11-2.5.10.jar:/Users/feiyang/Documents/workspace/activator-dist-1.3.12/repository/org.yaml/snakeyaml/1.16/bundles/snakeyaml.jar:/Users/feiyang/Documents/workspace/activator-dist-1.3.12/repository/org.hibernate/hibernate-validator/5.2.4.Final/jars/hibernate-validator.jar:/Users/feiyang/Documents/workspace/activator-dist-1.3.12/repository/javax.validation/validation-api/1.1.0.Final/jars/validation-api.jar:/Users/feiyang/Documents/workspace/activator-dist-1.3.12/repository/org.jboss.logging/jboss-logging/3.2.1.Final/jars/jboss-logging.jar:/Users/feiyang/Documents/workspace/activator-dist-1.3.12/repository/com.fasterxml/classmate/1.1.0/bundles/classmate.jar:/Users/feiyang/Documents/workspace/activator-dist-1.3.12/repository/javax.el/javax.el-api/3.0.0/jars/javax.el-api.jar:/Users/feiyang/Documents/workspace/activator-dist-1.3.12/repository/org.springframework/spring-context/4.2.7.RELEASE/jars/spring-context.jar:/Users/feiyang/Documents/workspace/activator-dist-1.3.12/repository/org.springframework/spring-core/4.2.7.RELEASE/jars/spring-core.jar:/Users/feiyang/Documents/workspace/activator-dist-1.3.12/repository/org.springframework/spring-beans/4.2.7.RELEASE/jars/spring-beans.jar:/Users/feiyang/Documents/workspace/activator-dist-1.3.12/repository/org.reflections/reflections/0.9.10/jars/reflections.jar:/Users/feiyang/Documents/workspace/activator-dist-1.3.12/repository/com.google.guava/guava/19.0/bundles/guava.jar:/Users/feiyang/Documents/workspace/activator-dist-1.3.12/repository/net.jodah/typetools/0.4.4/bundles/typetools.jar:/Users/feiyang/Documents/workspace/activator-dist-1.3.12/repository/com.google.code.findbugs/jsr305/3.0.1/jars/jsr305.jar:/Users/feiyang/Documents/workspace/activator-dist-1.3.12/repository/org.apache.tomcat/tomcat-servlet-api/8.0.33/jars/tomcat-servlet-api.jar:/Users/feiyang/.ivy2/cache/com.typesafe.play/play-netty-server_2.11/jars/play-netty-server_2.11-2.5.10.jar:/Users/feiyang/Documents/workspace/activator-dist-1.3.12/repository/com.typesafe.netty/netty-reactive-streams-http/1.0.8/jars/netty-reactive-streams-http.jar:/Users/feiyang/Documents/workspace/activator-dist-1.3.12/repository/com.typesafe.netty/netty-reactive-streams/1.0.8/jars/netty-reactive-streams.jar:/Users/feiyang/Documents/workspace/activator-dist-1.3.12/repository/io.netty/netty-handler/4.0.41.Final/jars/netty-handler.jar:/Users/feiyang/Documents/workspace/activator-dist-1.3.12/repository/io.netty/netty-buffer/4.0.41.Final/jars/netty-buffer.jar:/Users/feiyang/Documents/workspace/activator-dist-1.3.12/repository/io.netty/netty-common/4.0.41.Final/jars/netty-common.jar:/Users/feiyang/Documents/workspace/activator-dist-1.3.12/repository/io.netty/netty-transport/4.0.41.Final/jars/netty-transport.jar:/Users/feiyang/Documents/workspace/activator-dist-1.3.12/repository/io.netty/netty-codec/4.0.41.Final/jars/netty-codec.jar:/Users/feiyang/Documents/workspace/activator-dist-1.3.12/repository/io.netty/netty-codec-http/4.0.41.Final/jars/netty-codec-http.jar:/Users/feiyang/Documents/workspace/activator-dist-1.3.12/repository/io.netty/netty-transport-native-epoll/4.0.41.Final/jars/netty-transport-native-epoll-linux-x86_64.jar:/Users/feiyang/.ivy2/cache/com.typesafe.play/play-logback_2.11/jars/play-logback_2.11-2.5.10.jar:/Users/feiyang/Documents/workspace/activator-dist-1.3.12/repository/ch.qos.logback/logback-classic/1.1.7/jars/logback-classic.jar:/Users/feiyang/Documents/workspace/activator-dist-1.3.12/repository/ch.qos.logback/logback-core/1.1.7/jars/logback-core.jar:/Users/feiyang/.ivy2/cache/com.typesafe.play/play-java-jdbc_2.11/jars/play-java-jdbc_2.11-2.5.10.jar:/Users/feiyang/.ivy2/cache/com.typesafe.play/play-jdbc_2.11/jars/play-jdbc_2.11-2.5.10.jar:/Users/feiyang/.ivy2/cache/com.typesafe.play/play-jdbc-api_2.11/jars/play-jdbc-api_2.11-2.5.10.jar:/Users/feiyang/Documents/workspace/activator-dist-1.3.12/repository/com.jolbox/bonecp/0.8.0.RELEASE/bundles/bonecp.jar:/Users/feiyang/Documents/workspace/activator-dist-1.3.12/repository/com.zaxxer/HikariCP/2.5.1/bundles/HikariCP.jar:/Users/feiyang/Documents/workspace/activator-dist-1.3.12/repository/com.googlecode.usc/jdbcdslog/1.0.6.2/jars/jdbcdslog.jar:/Users/feiyang/Documents/workspace/activator-dist-1.3.12/repository/com.h2database/h2/1.4.192/jars/h2.jar:/Users/feiyang/Documents/workspace/activator-dist-1.3.12/repository/tyrex/tyrex/1.0.1/jars/tyrex.jar:/Users/feiyang/.ivy2/cache/com.typesafe.play/play-cache_2.11/jars/play-cache_2.11-2.5.10.jar:/Users/feiyang/Documents/workspace/activator-dist-1.3.12/repository/net.sf.ehcache/ehcache-core/2.6.11/jars/ehcache-core.jar:/Users/feiyang/.ivy2/cache/com.typesafe.play/play-java-ws_2.11/jars/play-java-ws_2.11-2.5.10.jar:/Users/feiyang/.ivy2/cache/com.typesafe.play/play-ws_2.11/jars/play-ws_2.11-2.5.10.jar:/Users/feiyang/Documents/workspace/activator-dist-1.3.12/repository/org.asynchttpclient/async-http-client/2.0.11/jars/async-http-client.jar:/Users/feiyang/Documents/workspace/activator-dist-1.3.12/repository/org.asynchttpclient/netty-resolver-dns/2.0.11/jars/netty-resolver-dns.jar:/Users/feiyang/Documents/workspace/activator-dist-1.3.12/repository/org.asynchttpclient/netty-resolver/2.0.11/jars/netty-resolver.jar:/Users/feiyang/Documents/workspace/activator-dist-1.3.12/repository/org.asynchttpclient/netty-codec-dns/2.0.11/jars/netty-codec-dns.jar:/Users/feiyang/Documents/workspace/activator-dist-1.3.12/repository/org.javassist/javassist/3.20.0-GA/bundles/javassist.jar:/Users/feiyang/.ivy2/cache/oauth.signpost/signpost-core/jars/signpost-core-1.2.1.2.jar:/Users/feiyang/.ivy2/cache/oauth.signpost/signpost-commonshttp4/jars/signpost-commonshttp4-1.2.1.2.jar:/Users/feiyang/Documents/workspace/activator-dist-1.3.12/repository/org.apache.httpcomponents/httpcore/4.0.1/jars/httpcore.jar:/Users/feiyang/Documents/workspace/activator-dist-1.3.12/repository/org.apache.httpcomponents/httpclient/4.0.1/jars/httpclient.jar:/Users/feiyang/.ivy2/cache/commons-logging/commons-logging/jars/commons-logging-1.1.1.jar
Scala compilation took 7.665126912 s
Attempting to call com.sun.tools.javac.api.JavacTool@3d804028 directly...
Java compilation took 1.648650448 s
Java analysis took 0.702729032 s
Java compile + analysis took 2.404121479 s
Invalidating /Users/feiyang/Documents/workspace/CrashCourses/app/WebScrapper/WebScrapper.java...
Invalidating (transitively) by inheritance from /Users/feiyang/Documents/workspace/CrashCourses/app/WebScrapper/WebScrapper.java...
Initial set of included nodes: Set(/Users/feiyang/Documents/workspace/CrashCourses/app/WebScrapper/WebScrapper.java)
Invalidated by transitive inheritance dependency: Set(/Users/feiyang/Documents/workspace/CrashCourses/app/WebScrapper/WebScrapper.java)
The /Users/feiyang/Documents/workspace/CrashCourses/app/WebScrapper/WebScrapper.java source file has the following regular definitions changed:
	notify, getCourseListFor, wait, equals, WebScrapper, notifyAll, <init>, toString, getClass, printDepartments, hashCode.
All member reference dependencies will be considered within this context.
Name hashing optimization doesn't apply to non-Scala dependency: /Users/feiyang/Documents/workspace/CrashCourses/app/WebScrapper/WebScrapper.java
Invalidating /Users/feiyang/Documents/workspace/CrashCourses/target/scala-2.11/routes/main/controllers/javascript/JavaScriptReverseRoutes.scala...
Invalidating (transitively) by inheritance from /Users/feiyang/Documents/workspace/CrashCourses/target/scala-2.11/routes/main/controllers/javascript/JavaScriptReverseRoutes.scala...
Initial set of included nodes: Set(/Users/feiyang/Documents/workspace/CrashCourses/target/scala-2.11/routes/main/controllers/javascript/JavaScriptReverseRoutes.scala)
Invalidated by transitive inheritance dependency: Set(/Users/feiyang/Documents/workspace/CrashCourses/target/scala-2.11/routes/main/controllers/javascript/JavaScriptReverseRoutes.scala)
The /Users/feiyang/Documents/workspace/CrashCourses/target/scala-2.11/routes/main/controllers/javascript/JavaScriptReverseRoutes.scala source file has the following regular definitions changed:
	addClass, notify, count, _defaultPrefix, wait, $asInstanceOf, equals, asInstanceOf, synchronized, $isInstanceOf, ReverseCountController, ReverseAssets, ReverseAsyncController, notifyAll, isInstanceOf, <init>, at, ==, clone, message, toString, !=, getClass, ne, versioned, eq, postForm, ReverseApplication, ##, finalize, index, hashCode.
All member reference dependencies will be considered within this context.
Name hashing optimization doesn't apply to non-Scala dependency: /Users/feiyang/Documents/workspace/CrashCourses/target/scala-2.11/routes/main/controllers/routes.java
Invalidating /Users/feiyang/Documents/workspace/CrashCourses/app/services/Counter.java...
Invalidating (transitively) by inheritance from /Users/feiyang/Documents/workspace/CrashCourses/app/services/Counter.java...
Initial set of included nodes: Set(/Users/feiyang/Documents/workspace/CrashCourses/app/services/Counter.java)
Including /Users/feiyang/Documents/workspace/CrashCourses/app/services/AtomicCounter.java by /Users/feiyang/Documents/workspace/CrashCourses/app/services/Counter.java
Invalidated by transitive inheritance dependency: Set(/Users/feiyang/Documents/workspace/CrashCourses/app/services/Counter.java, /Users/feiyang/Documents/workspace/CrashCourses/app/services/AtomicCounter.java)
The /Users/feiyang/Documents/workspace/CrashCourses/app/services/Counter.java source file has the following regular definitions changed:
	nextCount, Counter.
All member reference dependencies will be considered within this context.
Name hashing optimization doesn't apply to non-Scala dependency: /Users/feiyang/Documents/workspace/CrashCourses/app/Module.java
Name hashing optimization doesn't apply to non-Scala dependency: /Users/feiyang/Documents/workspace/CrashCourses/app/controllers/CountController.java
Name hashing optimization doesn't apply to non-Scala dependency: /Users/feiyang/Documents/workspace/CrashCourses/app/services/Counter.java
Name hashing optimization doesn't apply to non-Scala dependency: /Users/feiyang/Documents/workspace/CrashCourses/app/Module.java
Name hashing optimization doesn't apply to non-Scala dependency: /Users/feiyang/Documents/workspace/CrashCourses/app/services/AtomicCounter.java
Invalidating /Users/feiyang/Documents/workspace/CrashCourses/target/scala-2.11/routes/main/controllers/routes.java...
Invalidating (transitively) by inheritance from /Users/feiyang/Documents/workspace/CrashCourses/target/scala-2.11/routes/main/controllers/routes.java...
Initial set of included nodes: Set(/Users/feiyang/Documents/workspace/CrashCourses/target/scala-2.11/routes/main/controllers/routes.java)
Invalidated by transitive inheritance dependency: Set(/Users/feiyang/Documents/workspace/CrashCourses/target/scala-2.11/routes/main/controllers/routes.java)
The /Users/feiyang/Documents/workspace/CrashCourses/target/scala-2.11/routes/main/controllers/routes.java source file has the following regular definitions changed:
	notify, Assets, wait, routes, equals, CountController, routes$javascript, notifyAll, <init>, AsyncController, Application, toString, getClass, hashCode.
All member reference dependencies will be considered within this context.
Name hashing optimization doesn't apply to non-Scala dependency: /Users/feiyang/Documents/workspace/CrashCourses/target/scala-2.11/routes/main/controllers/routes.java
The following modified names cause invalidation of /Users/feiyang/Documents/workspace/CrashCourses/target/scala-2.11/twirl/main/views/html/main.template.scala: Set(Assets, routes, <init>)
The following modified names cause invalidation of /Users/feiyang/Documents/workspace/CrashCourses/target/scala-2.11/twirl/main/views/html/res.template.scala: Set(Assets, routes, <init>)
Invalidating /Users/feiyang/Documents/workspace/CrashCourses/target/scala-2.11/routes/main/controllers/ReverseRoutes.scala...
Invalidating (transitively) by inheritance from /Users/feiyang/Documents/workspace/CrashCourses/target/scala-2.11/routes/main/controllers/ReverseRoutes.scala...
Initial set of included nodes: Set(/Users/feiyang/Documents/workspace/CrashCourses/target/scala-2.11/routes/main/controllers/ReverseRoutes.scala)
Invalidated by transitive inheritance dependency: Set(/Users/feiyang/Documents/workspace/CrashCourses/target/scala-2.11/routes/main/controllers/ReverseRoutes.scala)
The /Users/feiyang/Documents/workspace/CrashCourses/target/scala-2.11/routes/main/controllers/ReverseRoutes.scala source file has the following regular definitions changed:
	addClass, notify, count, _defaultPrefix, wait, $asInstanceOf, equals, asInstanceOf, synchronized, $isInstanceOf, ReverseCountController, ReverseAssets, ReverseAsyncController, notifyAll, isInstanceOf, <init>, at, ==, clone, message, toString, !=, getClass, ne, versioned, eq, postForm, ReverseApplication, ##, finalize, index, hashCode.
All member reference dependencies will be considered within this context.
Name hashing optimization doesn't apply to non-Scala dependency: /Users/feiyang/Documents/workspace/CrashCourses/target/scala-2.11/routes/main/controllers/routes.java
The following modified names cause invalidation of /Users/feiyang/Documents/workspace/CrashCourses/target/scala-2.11/twirl/main/views/html/main.template.scala: Set(<init>, versioned)
The following modified names cause invalidation of /Users/feiyang/Documents/workspace/CrashCourses/target/scala-2.11/twirl/main/views/html/res.template.scala: Set(<init>, at)
Invalidating /Users/feiyang/Documents/workspace/CrashCourses/app/ucsbCurriculum/Scheduler/Schedule.java...
Invalidating (transitively) by inheritance from /Users/feiyang/Documents/workspace/CrashCourses/app/ucsbCurriculum/Scheduler/Schedule.java...
Initial set of included nodes: Set(/Users/feiyang/Documents/workspace/CrashCourses/app/ucsbCurriculum/Scheduler/Schedule.java)
Invalidated by transitive inheritance dependency: Set(/Users/feiyang/Documents/workspace/CrashCourses/app/ucsbCurriculum/Scheduler/Schedule.java)
The /Users/feiyang/Documents/workspace/CrashCourses/app/ucsbCurriculum/Scheduler/Schedule.java source file has the following regular definitions changed:
	notify, sections, wait, equals, notifyAll, courses, <init>, deleteConflicts, delete, toString, getClass, Schedule, add, compare, hashCode.
All member reference dependencies will be considered within this context.
Name hashing optimization doesn't apply to non-Scala dependency: /Users/feiyang/Documents/workspace/CrashCourses/app/ucsbCurriculum/Scheduler/Schedule.java
Name hashing optimization doesn't apply to non-Scala dependency: /Users/feiyang/Documents/workspace/CrashCourses/app/controllers/Application.java
Invalidating /Users/feiyang/Documents/workspace/CrashCourses/app/controllers/Application.java...
Invalidating (transitively) by inheritance from /Users/feiyang/Documents/workspace/CrashCourses/app/controllers/Application.java...
Initial set of included nodes: Set(/Users/feiyang/Documents/workspace/CrashCourses/app/controllers/Application.java)
Invalidated by transitive inheritance dependency: Set(/Users/feiyang/Documents/workspace/CrashCourses/app/controllers/Application.java)
The /Users/feiyang/Documents/workspace/CrashCourses/app/controllers/Application.java source file has the following regular definitions changed:
	enumerator, addClass, notify, FROM, movedPermanently, CONTENT_LANGUAGE, CREATED, temporaryRedirect, Results$StringChunks$WhenReadyStringChunks, WARNING, CONTINUE, SET_COOKIE2, permanentRedirect, CONTENT_DISPOSITION, lambda$new$4, channel, CONTENT_TYPE, badRequest, wait, ACCESS_CONTROL_ALLOW_METHODS, USER_AGENT, ctx, HOST, CONTENT_MD5, request, X_FORWARDED_PORT, paymentRequired, BAD_REQUEST, logger, MAX_FORWARDS, X_FORWARDED_HOST, redirect, TRAILER, PROXY_AUTHENTICATE, AUTHORIZATION, CACHE_CONTROL, NOT_IMPLEMENTED, equals, PAYMENT_REQUIRED, RETRY_AFTER, PRECONDITION_FAILED, CONFLICT, ACCEPT_CHARSET, Results$ByteChunks$WhenReadyByteChunks, onReady, VIA, REQUEST_TIMEOUT, MULTIPLE_CHOICES, notFound, MOVED_PERMANENTLY, TE, CONTENT_LOCATION, PARTIAL_CONTENT, lambda$new$5, INSUFFICIENT_STORAGE, lambda$onDisconnected$6, ETAG, LENGTH_REQUIRED, UNAUTHORIZED, UNSUPPORTED_MEDIA_TYPE, REFERER, REQUEST_ENTITY_TOO_LARGE, ORIGIN, ACCEPT_LANGUAGE, NOT_MODIFIED, Results$StringChunks, HTTP_VERSION_NOT_SUPPORTED, ACCESS_CONTROL_ALLOW_ORIGIN, IF_RANGE, IF_UNMODIFIED_SINCE, SWITCHING_PROTOCOLS, callback, TEMPORARY_REDIRECT, CONTENT_LENGTH, SET_COOKIE, notifyAll, AGE, BAD_GATEWAY, EXPECTATION_FAILED, CONNECTION, FORWARDED, Results$ByteChunks, Results$Chunks$Out, OK, ACCESS_CONTROL_ALLOW_HEADERS, found, unauthorized, response, FOUND, <init>, DATE, CONTENT_RANGE, TRANSFER_ENCODING, PERMANENT_REDIRECT, scheduler, TOO_MANY_REQUESTS, PROXY_AUTHORIZATION, GONE, ACCESS_CONTROL_ALLOW_CREDENTIALS, clearLang, NOT_ACCEPTABLE, status, EXPECT, LOCATION, VARY, WWW_AUTHENTICATE, Application, TODO, forbidden, X_FORWARDED_FOR, access$000, formFactory, ACCEPTED, NO_CONTENT, disconnected, INTERNAL_SERVER_ERROR, onDisconnected, UPGRADE, NOT_FOUND, session, ACCEPT_ENCODING, EXPIRES, seeOther, REQUESTED_RANGE_NOT_SATISFIABLE, UPGRADE_REQUIRED, toString, ACCEPT, changeLang, GATEWAY_TIMEOUT, whenReady, SERVER, ACCESS_CONTROL_REQUEST_METHOD, UNPROCESSABLE_ENTITY, ACCESS_CONTROL_MAX_AGE, LAST_MODIFIED, ACCESS_CONTROL_EXPOSE_HEADERS, ACCESS_CONTROL_REQUEST_HEADERS, flash, internalServerError, ok, ALLOW, COOKIE, IF_MODIFIED_SINCE, getClass, CONTENT_TRANSFER_ENCODING, lang, NON_AUTHORITATIVE_INFORMATION, close, PRAGMA, IF_MATCH, PROXY_AUTHENTICATION_REQUIRED, RESET_CONTENT, SEE_OTHER, FAILED_DEPENDENCY, CONTENT_ENCODING, RANGE, USE_PROXY, Results$Chunks, REQUEST_URI_TOO_LONG, writable, LOCKED, FORBIDDEN, METHOD_NOT_ALLOWED, write, IF_NONE_MATCH, ACCEPT_RANGES, noContent, X_REQUESTED_WITH, postForm, X_FORWARDED_PROTO, scraper, MULTI_STATUS, SERVICE_UNAVAILABLE, index, created, hashCode.
All member reference dependencies will be considered within this context.
Name hashing optimization doesn't apply to non-Scala dependency: /Users/feiyang/Documents/workspace/CrashCourses/app/controllers/Application.java
The following modified names cause invalidation of /Users/feiyang/Documents/workspace/CrashCourses/target/scala-2.11/routes/main/router/Routes.scala: Set(addClass, <init>, Application, getClass, postForm, index)
Invalidating /Users/feiyang/Documents/workspace/CrashCourses/app/services/ApplicationTimer.java...
Invalidating (transitively) by inheritance from /Users/feiyang/Documents/workspace/CrashCourses/app/services/ApplicationTimer.java...
Initial set of included nodes: Set(/Users/feiyang/Documents/workspace/CrashCourses/app/services/ApplicationTimer.java)
Invalidated by transitive inheritance dependency: Set(/Users/feiyang/Documents/workspace/CrashCourses/app/services/ApplicationTimer.java)
The /Users/feiyang/Documents/workspace/CrashCourses/app/services/ApplicationTimer.java source file has the following regular definitions changed:
	notify, lambda$new$0, wait, appLifecycle, equals, ApplicationTimer, notifyAll, <init>, clock, toString, getClass, start, hashCode.
All member reference dependencies will be considered within this context.
Name hashing optimization doesn't apply to non-Scala dependency: /Users/feiyang/Documents/workspace/CrashCourses/app/Module.java
Name hashing optimization doesn't apply to non-Scala dependency: /Users/feiyang/Documents/workspace/CrashCourses/app/services/ApplicationTimer.java
Invalidating /Users/feiyang/Documents/workspace/CrashCourses/app/Filters.java...
Invalidating (transitively) by inheritance from /Users/feiyang/Documents/workspace/CrashCourses/app/Filters.java...
Initial set of included nodes: Set(/Users/feiyang/Documents/workspace/CrashCourses/app/Filters.java)
Invalidated by transitive inheritance dependency: Set(/Users/feiyang/Documents/workspace/CrashCourses/app/Filters.java)
The /Users/feiyang/Documents/workspace/CrashCourses/app/Filters.java source file has the following regular definitions changed:
	asScala, notify, wait, exampleFilter, equals, notifyAll, <init>, filters, toString, getClass, Filters, env, hashCode.
All member reference dependencies will be considered within this context.
Name hashing optimization doesn't apply to non-Scala dependency: /Users/feiyang/Documents/workspace/CrashCourses/app/Filters.java
Invalidating /Users/feiyang/Documents/workspace/CrashCourses/app/services/AtomicCounter.java...
Invalidating (transitively) by inheritance from /Users/feiyang/Documents/workspace/CrashCourses/app/services/AtomicCounter.java...
Initial set of included nodes: Set(/Users/feiyang/Documents/workspace/CrashCourses/app/services/AtomicCounter.java)
Invalidated by transitive inheritance dependency: Set(/Users/feiyang/Documents/workspace/CrashCourses/app/services/AtomicCounter.java)
The /Users/feiyang/Documents/workspace/CrashCourses/app/services/AtomicCounter.java source file has the following regular definitions changed:
	notify, nextCount, wait, equals, AtomicCounter, atomicCounter, notifyAll, <init>, toString, getClass, hashCode.
All member reference dependencies will be considered within this context.
Name hashing optimization doesn't apply to non-Scala dependency: /Users/feiyang/Documents/workspace/CrashCourses/app/Module.java
Name hashing optimization doesn't apply to non-Scala dependency: /Users/feiyang/Documents/workspace/CrashCourses/app/services/AtomicCounter.java
Invalidating /Users/feiyang/Documents/workspace/CrashCourses/app/WebScrapper/SearchRequest.java...
Invalidating (transitively) by inheritance from /Users/feiyang/Documents/workspace/CrashCourses/app/WebScrapper/SearchRequest.java...
Initial set of included nodes: Set(/Users/feiyang/Documents/workspace/CrashCourses/app/WebScrapper/SearchRequest.java)
Invalidated by transitive inheritance dependency: Set(/Users/feiyang/Documents/workspace/CrashCourses/app/WebScrapper/SearchRequest.java)
The /Users/feiyang/Documents/workspace/CrashCourses/app/WebScrapper/SearchRequest.java source file has the following regular definitions changed:
	notify, getLevel, setDepartment, wait, setLevel, equals, setQuarter, quarter, notifyAll, SearchRequest, department, <init>, toString, getClass, getQuarter, getDepartment, hashCode, level.
All member reference dependencies will be considered within this context.
Name hashing optimization doesn't apply to non-Scala dependency: /Users/feiyang/Documents/workspace/CrashCourses/app/WebScrapper/SearchRequest.java
Invalidating /Users/feiyang/Documents/workspace/CrashCourses/app/ucsbCurriculum/Utility/Time.java...
Invalidating (transitively) by inheritance from /Users/feiyang/Documents/workspace/CrashCourses/app/ucsbCurriculum/Utility/Time.java...
Initial set of included nodes: Set(/Users/feiyang/Documents/workspace/CrashCourses/app/ucsbCurriculum/Utility/Time.java)
Invalidated by transitive inheritance dependency: Set(/Users/feiyang/Documents/workspace/CrashCourses/app/ucsbCurriculum/Utility/Time.java)
The /Users/feiyang/Documents/workspace/CrashCourses/app/ucsbCurriculum/Utility/Time.java source file has the following regular definitions changed:
	notify, wait, startTime, equals, getStart, getEnd, notifyAll, endTime, <init>, toString, getClass, Time, hashCode.
All member reference dependencies will be considered within this context.
Name hashing optimization doesn't apply to non-Scala dependency: /Users/feiyang/Documents/workspace/CrashCourses/app/ucsbCurriculum/Scheduler/Schedule.java
Name hashing optimization doesn't apply to non-Scala dependency: /Users/feiyang/Documents/workspace/CrashCourses/app/ucsbCurriculum/Utility/Course.java
Name hashing optimization doesn't apply to non-Scala dependency: /Users/feiyang/Documents/workspace/CrashCourses/app/ucsbCurriculum/Utility/Util.java
Name hashing optimization doesn't apply to non-Scala dependency: /Users/feiyang/Documents/workspace/CrashCourses/app/ucsbCurriculum/Utility/Time.java
Invalidating /Users/feiyang/Documents/workspace/CrashCourses/app/ucsbCurriculum/CourseScraper/CourseScraper.java...
Invalidating (transitively) by inheritance from /Users/feiyang/Documents/workspace/CrashCourses/app/ucsbCurriculum/CourseScraper/CourseScraper.java...
Initial set of included nodes: Set(/Users/feiyang/Documents/workspace/CrashCourses/app/ucsbCurriculum/CourseScraper/CourseScraper.java)
Invalidated by transitive inheritance dependency: Set(/Users/feiyang/Documents/workspace/CrashCourses/app/ucsbCurriculum/CourseScraper/CourseScraper.java)
The /Users/feiyang/Documents/workspace/CrashCourses/app/ucsbCurriculum/CourseScraper/CourseScraper.java source file has the following regular definitions changed:
	notify, getCourseListFor, wait, equals, notifyAll, get_course_by_name, <init>, toString, getClass, CourseScraper, courseList, printDepartments, hashCode.
All member reference dependencies will be considered within this context.
Name hashing optimization doesn't apply to non-Scala dependency: /Users/feiyang/Documents/workspace/CrashCourses/app/ucsbCurriculum/CourseScraper/CourseScraper.java
Name hashing optimization doesn't apply to non-Scala dependency: /Users/feiyang/Documents/workspace/CrashCourses/app/controllers/Application.java
Invalidating /Users/feiyang/Documents/workspace/CrashCourses/target/scala-2.11/twirl/main/views/html/res.template.scala...
Invalidating (transitively) by inheritance from /Users/feiyang/Documents/workspace/CrashCourses/target/scala-2.11/twirl/main/views/html/res.template.scala...
Initial set of included nodes: Set(/Users/feiyang/Documents/workspace/CrashCourses/target/scala-2.11/twirl/main/views/html/res.template.scala)
Invalidated by transitive inheritance dependency: Set(/Users/feiyang/Documents/workspace/CrashCourses/target/scala-2.11/twirl/main/views/html/res.template.scala)
The /Users/feiyang/Documents/workspace/CrashCourses/target/scala-2.11/twirl/main/views/html/res.template.scala source file has the following regular definitions changed:
	notify, format, wait, $asInstanceOf, res_Scope0, productArity, equals, asInstanceOf, f, synchronized, _display_, $isInstanceOf, ref, canEqual, productPrefix, notifyAll, readResolve, isInstanceOf, res, <init>, apply, ==, clone, copy, toString, !=, getClass, copy$default$1, render, ne, eq, productIterator, ##, finalize, productElement, hashCode.
All member reference dependencies will be considered within this context.
Name hashing optimization doesn't apply to non-Scala dependency: /Users/feiyang/Documents/workspace/CrashCourses/app/controllers/Application.java
Invalidating /Users/feiyang/Documents/workspace/CrashCourses/target/scala-2.11/twirl/main/views/html/index.template.scala...
Invalidating (transitively) by inheritance from /Users/feiyang/Documents/workspace/CrashCourses/target/scala-2.11/twirl/main/views/html/index.template.scala...
Initial set of included nodes: Set(/Users/feiyang/Documents/workspace/CrashCourses/target/scala-2.11/twirl/main/views/html/index.template.scala)
Invalidated by transitive inheritance dependency: Set(/Users/feiyang/Documents/workspace/CrashCourses/target/scala-2.11/twirl/main/views/html/index.template.scala)
The /Users/feiyang/Documents/workspace/CrashCourses/target/scala-2.11/twirl/main/views/html/index.template.scala source file has the following regular definitions changed:
	notify, format, wait, $asInstanceOf, productArity, equals, asInstanceOf, f, synchronized, _display_, $isInstanceOf, ref, canEqual, index_Scope0, productPrefix, notifyAll, readResolve, isInstanceOf, <init>, apply, ==, clone, copy, toString, !=, getClass, copy$default$1, render, ne, eq, productIterator, ##, finalize, index, productElement, hashCode.
All member reference dependencies will be considered within this context.
Invalidating /Users/feiyang/Documents/workspace/CrashCourses/app/controllers/CountController.java...
Invalidating (transitively) by inheritance from /Users/feiyang/Documents/workspace/CrashCourses/app/controllers/CountController.java...
Initial set of included nodes: Set(/Users/feiyang/Documents/workspace/CrashCourses/app/controllers/CountController.java)
Invalidated by transitive inheritance dependency: Set(/Users/feiyang/Documents/workspace/CrashCourses/app/controllers/CountController.java)
The /Users/feiyang/Documents/workspace/CrashCourses/app/controllers/CountController.java source file has the following regular definitions changed:
	enumerator, notify, FROM, movedPermanently, CONTENT_LANGUAGE, CREATED, temporaryRedirect, Results$StringChunks$WhenReadyStringChunks, WARNING, CONTINUE, SET_COOKIE2, permanentRedirect, count, CONTENT_DISPOSITION, lambda$new$4, channel, CONTENT_TYPE, badRequest, wait, ACCESS_CONTROL_ALLOW_METHODS, USER_AGENT, ctx, HOST, CONTENT_MD5, request, X_FORWARDED_PORT, paymentRequired, BAD_REQUEST, logger, MAX_FORWARDS, X_FORWARDED_HOST, redirect, TRAILER, PROXY_AUTHENTICATE, AUTHORIZATION, CACHE_CONTROL, NOT_IMPLEMENTED, equals, PAYMENT_REQUIRED, RETRY_AFTER, PRECONDITION_FAILED, CONFLICT, ACCEPT_CHARSET, Results$ByteChunks$WhenReadyByteChunks, onReady, VIA, REQUEST_TIMEOUT, MULTIPLE_CHOICES, notFound, MOVED_PERMANENTLY, TE, CONTENT_LOCATION, PARTIAL_CONTENT, lambda$new$5, INSUFFICIENT_STORAGE, lambda$onDisconnected$6, ETAG, LENGTH_REQUIRED, UNAUTHORIZED, UNSUPPORTED_MEDIA_TYPE, REFERER, REQUEST_ENTITY_TOO_LARGE, ORIGIN, ACCEPT_LANGUAGE, NOT_MODIFIED, Results$StringChunks, CountController, HTTP_VERSION_NOT_SUPPORTED, ACCESS_CONTROL_ALLOW_ORIGIN, IF_RANGE, IF_UNMODIFIED_SINCE, SWITCHING_PROTOCOLS, callback, TEMPORARY_REDIRECT, CONTENT_LENGTH, SET_COOKIE, notifyAll, AGE, BAD_GATEWAY, EXPECTATION_FAILED, CONNECTION, FORWARDED, Results$ByteChunks, Results$Chunks$Out, OK, ACCESS_CONTROL_ALLOW_HEADERS, found, unauthorized, response, FOUND, <init>, DATE, CONTENT_RANGE, TRANSFER_ENCODING, PERMANENT_REDIRECT, TOO_MANY_REQUESTS, PROXY_AUTHORIZATION, GONE, ACCESS_CONTROL_ALLOW_CREDENTIALS, clearLang, NOT_ACCEPTABLE, status, EXPECT, LOCATION, VARY, WWW_AUTHENTICATE, TODO, forbidden, X_FORWARDED_FOR, access$000, ACCEPTED, NO_CONTENT, disconnected, INTERNAL_SERVER_ERROR, onDisconnected, UPGRADE, NOT_FOUND, session, ACCEPT_ENCODING, EXPIRES, seeOther, REQUESTED_RANGE_NOT_SATISFIABLE, UPGRADE_REQUIRED, counter, toString, ACCEPT, changeLang, GATEWAY_TIMEOUT, whenReady, SERVER, ACCESS_CONTROL_REQUEST_METHOD, UNPROCESSABLE_ENTITY, ACCESS_CONTROL_MAX_AGE, LAST_MODIFIED, ACCESS_CONTROL_EXPOSE_HEADERS, ACCESS_CONTROL_REQUEST_HEADERS, flash, internalServerError, ok, ALLOW, COOKIE, IF_MODIFIED_SINCE, getClass, CONTENT_TRANSFER_ENCODING, lang, NON_AUTHORITATIVE_INFORMATION, close, PRAGMA, IF_MATCH, PROXY_AUTHENTICATION_REQUIRED, RESET_CONTENT, SEE_OTHER, FAILED_DEPENDENCY, CONTENT_ENCODING, RANGE, USE_PROXY, Results$Chunks, REQUEST_URI_TOO_LONG, writable, LOCKED, FORBIDDEN, METHOD_NOT_ALLOWED, write, IF_NONE_MATCH, ACCEPT_RANGES, noContent, X_REQUESTED_WITH, X_FORWARDED_PROTO, MULTI_STATUS, SERVICE_UNAVAILABLE, created, hashCode.
All member reference dependencies will be considered within this context.
Name hashing optimization doesn't apply to non-Scala dependency: /Users/feiyang/Documents/workspace/CrashCourses/app/controllers/CountController.java
The following modified names cause invalidation of /Users/feiyang/Documents/workspace/CrashCourses/target/scala-2.11/routes/main/router/Routes.scala: Set(count, CountController, <init>, getClass)
Invalidating /Users/feiyang/Documents/workspace/CrashCourses/target/scala-2.11/routes/main/router/Routes.scala...
Invalidating (transitively) by inheritance from /Users/feiyang/Documents/workspace/CrashCourses/target/scala-2.11/routes/main/router/Routes.scala...
Initial set of included nodes: Set(/Users/feiyang/Documents/workspace/CrashCourses/target/scala-2.11/routes/main/router/Routes.scala)
Invalidated by transitive inheritance dependency: Set(/Users/feiyang/Documents/workspace/CrashCourses/target/scala-2.11/routes/main/router/Routes.scala)
The /Users/feiyang/Documents/workspace/CrashCourses/target/scala-2.11/routes/main/router/Routes.scala source file has the following regular definitions changed:
	notify, controllers_Assets_at4_invoker, badRequest, wait, controllers_CountController_count1_invoker, $asInstanceOf, routes, createInvoker, equals, controllers_Application_postForm5_invoker, prefix, controllers_Assets_versioned3_route, asInstanceOf, documentation, controllers_Application_index0_invoker, synchronized, $isInstanceOf, handlerFor, controllers_CountController_count1_route, notifyAll, controllers_Assets_at4_route, isInstanceOf, asJava, errorHandler, <init>, controllers_Assets_versioned3_invoker, ==, clone, controllers_AsyncController_message2_route, controllers_Application_addClass6_route, Routes, controllers_AsyncController_message2_invoker, toString, !=, fakeValue, getClass, controllers_Application_index0_route, ne, withPrefix, call, eq, defaultPrefix, controllers_Application_addClass6_invoker, ##, finalize, hashCode, controllers_Application_postForm5_route.
All member reference dependencies will be considered within this context.
Invalidating /Users/feiyang/Documents/workspace/CrashCourses/app/ucsbCurriculum/Utility/Course.java...
Invalidating (transitively) by inheritance from /Users/feiyang/Documents/workspace/CrashCourses/app/ucsbCurriculum/Utility/Course.java...
Initial set of included nodes: Set(/Users/feiyang/Documents/workspace/CrashCourses/app/ucsbCurriculum/Utility/Course.java)
Invalidated by transitive inheritance dependency: Set(/Users/feiyang/Documents/workspace/CrashCourses/app/ucsbCurriculum/Utility/Course.java)
The /Users/feiyang/Documents/workspace/CrashCourses/app/ucsbCurriculum/Utility/Course.java source file has the following regular definitions changed:
	notify, add_lectureTimes, name, wait, location, add_sectionTimes, equals, instructor, get_id, notifyAll, compareTo, <init>, id, Course, lectureTimes, get_lectureTimes, get_location, sectionTimes, toString, getClass, get_name, get_instructor, compare, get_sectionTimes, hashCode.
All member reference dependencies will be considered within this context.
Name hashing optimization doesn't apply to non-Scala dependency: /Users/feiyang/Documents/workspace/CrashCourses/app/ucsbCurriculum/Scheduler/Schedule.java
Name hashing optimization doesn't apply to non-Scala dependency: /Users/feiyang/Documents/workspace/CrashCourses/app/ucsbCurriculum/Utility/Course.java
Name hashing optimization doesn't apply to non-Scala dependency: /Users/feiyang/Documents/workspace/CrashCourses/app/ucsbCurriculum/CourseScraper/CourseScraper.java
Invalidating /Users/feiyang/Documents/workspace/CrashCourses/app/controllers/AsyncController.java...
Invalidating (transitively) by inheritance from /Users/feiyang/Documents/workspace/CrashCourses/app/controllers/AsyncController.java...
Initial set of included nodes: Set(/Users/feiyang/Documents/workspace/CrashCourses/app/controllers/AsyncController.java)
Invalidated by transitive inheritance dependency: Set(/Users/feiyang/Documents/workspace/CrashCourses/app/controllers/AsyncController.java)
The /Users/feiyang/Documents/workspace/CrashCourses/app/controllers/AsyncController.java source file has the following regular definitions changed:
	enumerator, notify, FROM, movedPermanently, CONTENT_LANGUAGE, CREATED, temporaryRedirect, Results$StringChunks$WhenReadyStringChunks, WARNING, CONTINUE, SET_COOKIE2, permanentRedirect, CONTENT_DISPOSITION, lambda$new$4, channel, CONTENT_TYPE, badRequest, wait, ACCESS_CONTROL_ALLOW_METHODS, USER_AGENT, ctx, HOST, CONTENT_MD5, request, X_FORWARDED_PORT, paymentRequired, BAD_REQUEST, logger, MAX_FORWARDS, X_FORWARDED_HOST, redirect, TRAILER, PROXY_AUTHENTICATE, AUTHORIZATION, CACHE_CONTROL, NOT_IMPLEMENTED, equals, PAYMENT_REQUIRED, RETRY_AFTER, PRECONDITION_FAILED, actorSystem, CONFLICT, ACCEPT_CHARSET, Results$ByteChunks$WhenReadyByteChunks, onReady, VIA, REQUEST_TIMEOUT, MULTIPLE_CHOICES, notFound, MOVED_PERMANENTLY, TE, CONTENT_LOCATION, PARTIAL_CONTENT, lambda$new$5, INSUFFICIENT_STORAGE, lambda$onDisconnected$6, ETAG, LENGTH_REQUIRED, UNAUTHORIZED, UNSUPPORTED_MEDIA_TYPE, REFERER, REQUEST_ENTITY_TOO_LARGE, ORIGIN, ACCEPT_LANGUAGE, NOT_MODIFIED, Results$StringChunks, HTTP_VERSION_NOT_SUPPORTED, ACCESS_CONTROL_ALLOW_ORIGIN, IF_RANGE, IF_UNMODIFIED_SINCE, SWITCHING_PROTOCOLS, callback, TEMPORARY_REDIRECT, CONTENT_LENGTH, SET_COOKIE, notifyAll, AGE, BAD_GATEWAY, EXPECTATION_FAILED, CONNECTION, FORWARDED, Results$ByteChunks, Results$Chunks$Out, OK, ACCESS_CONTROL_ALLOW_HEADERS, found, unauthorized, response, FOUND, <init>, DATE, CONTENT_RANGE, TRANSFER_ENCODING, PERMANENT_REDIRECT, TOO_MANY_REQUESTS, PROXY_AUTHORIZATION, GONE, AsyncController, ACCESS_CONTROL_ALLOW_CREDENTIALS, clearLang, NOT_ACCEPTABLE, status, EXPECT, LOCATION, VARY, WWW_AUTHENTICATE, TODO, forbidden, X_FORWARDED_FOR, access$000, ACCEPTED, NO_CONTENT, disconnected, INTERNAL_SERVER_ERROR, onDisconnected, UPGRADE, NOT_FOUND, session, ACCEPT_ENCODING, EXPIRES, seeOther, REQUESTED_RANGE_NOT_SATISFIABLE, UPGRADE_REQUIRED, message, toString, ACCEPT, changeLang, GATEWAY_TIMEOUT, whenReady, SERVER, ACCESS_CONTROL_REQUEST_METHOD, UNPROCESSABLE_ENTITY, ACCESS_CONTROL_MAX_AGE, LAST_MODIFIED, ACCESS_CONTROL_EXPOSE_HEADERS, ACCESS_CONTROL_REQUEST_HEADERS, flash, internalServerError, ok, ALLOW, COOKIE, IF_MODIFIED_SINCE, getClass, CONTENT_TRANSFER_ENCODING, lang, NON_AUTHORITATIVE_INFORMATION, close, PRAGMA, getFutureMessage, IF_MATCH, PROXY_AUTHENTICATION_REQUIRED, exec, RESET_CONTENT, SEE_OTHER, FAILED_DEPENDENCY, CONTENT_ENCODING, RANGE, USE_PROXY, Results$Chunks, REQUEST_URI_TOO_LONG, writable, LOCKED, FORBIDDEN, lambda$getFutureMessage$0, METHOD_NOT_ALLOWED, write, IF_NONE_MATCH, ACCEPT_RANGES, noContent, X_REQUESTED_WITH, X_FORWARDED_PROTO, MULTI_STATUS, SERVICE_UNAVAILABLE, created, hashCode.
All member reference dependencies will be considered within this context.
Name hashing optimization doesn't apply to non-Scala dependency: /Users/feiyang/Documents/workspace/CrashCourses/app/controllers/AsyncController.java
The following modified names cause invalidation of /Users/feiyang/Documents/workspace/CrashCourses/target/scala-2.11/routes/main/router/Routes.scala: Set(<init>, AsyncController, message, getClass)
Invalidating /Users/feiyang/Documents/workspace/CrashCourses/app/Module.java...
Invalidating (transitively) by inheritance from /Users/feiyang/Documents/workspace/CrashCourses/app/Module.java...
Initial set of included nodes: Set(/Users/feiyang/Documents/workspace/CrashCourses/app/Module.java)
Invalidated by transitive inheritance dependency: Set(/Users/feiyang/Documents/workspace/CrashCourses/app/Module.java)
The /Users/feiyang/Documents/workspace/CrashCourses/app/Module.java source file has the following regular definitions changed:
	notify, wait, equals, configure, notifyAll, <init>, toString, getClass, Module, hashCode.
All member reference dependencies will be considered within this context.
Name hashing optimization doesn't apply to non-Scala dependency: /Users/feiyang/Documents/workspace/CrashCourses/app/Module.java
Invalidating /Users/feiyang/Documents/workspace/CrashCourses/app/ucsbCurriculum/Utility/Util.java...
Invalidating (transitively) by inheritance from /Users/feiyang/Documents/workspace/CrashCourses/app/ucsbCurriculum/Utility/Util.java...
Initial set of included nodes: Set(/Users/feiyang/Documents/workspace/CrashCourses/app/ucsbCurriculum/Utility/Util.java)
Invalidated by transitive inheritance dependency: Set(/Users/feiyang/Documents/workspace/CrashCourses/app/ucsbCurriculum/Utility/Util.java)
The /Users/feiyang/Documents/workspace/CrashCourses/app/ucsbCurriculum/Utility/Util.java source file has the following regular definitions changed:
	notify, wait, equals, converts_to_minute, Util, notifyAll, <init>, convert_to_string, have_conflict, toString, getClass, hashCode.
All member reference dependencies will be considered within this context.
Name hashing optimization doesn't apply to non-Scala dependency: /Users/feiyang/Documents/workspace/CrashCourses/app/ucsbCurriculum/Scheduler/Schedule.java
Name hashing optimization doesn't apply to non-Scala dependency: /Users/feiyang/Documents/workspace/CrashCourses/app/ucsbCurriculum/Utility/Course.java
Name hashing optimization doesn't apply to non-Scala dependency: /Users/feiyang/Documents/workspace/CrashCourses/app/ucsbCurriculum/Utility/Util.java
Name hashing optimization doesn't apply to non-Scala dependency: /Users/feiyang/Documents/workspace/CrashCourses/app/ucsbCurriculum/CourseScraper/CourseScraper.java
Invalidating /Users/feiyang/Documents/workspace/CrashCourses/app/ucsbCurriculum/CourseScraper/SearchRequest.java...
Invalidating (transitively) by inheritance from /Users/feiyang/Documents/workspace/CrashCourses/app/ucsbCurriculum/CourseScraper/SearchRequest.java...
Initial set of included nodes: Set(/Users/feiyang/Documents/workspace/CrashCourses/app/ucsbCurriculum/CourseScraper/SearchRequest.java)
Invalidated by transitive inheritance dependency: Set(/Users/feiyang/Documents/workspace/CrashCourses/app/ucsbCurriculum/CourseScraper/SearchRequest.java)
The /Users/feiyang/Documents/workspace/CrashCourses/app/ucsbCurriculum/CourseScraper/SearchRequest.java source file has the following regular definitions changed:
	notify, wait, equals, quarter, notifyAll, SearchRequest, department, <init>, toString, getClass, hashCode, level.
All member reference dependencies will be considered within this context.
Name hashing optimization doesn't apply to non-Scala dependency: /Users/feiyang/Documents/workspace/CrashCourses/app/ucsbCurriculum/CourseScraper/SearchRequest.java
Name hashing optimization doesn't apply to non-Scala dependency: /Users/feiyang/Documents/workspace/CrashCourses/app/controllers/Application.java
Invalidating /Users/feiyang/Documents/workspace/CrashCourses/app/controllers/HomeController.java...
Invalidating (transitively) by inheritance from /Users/feiyang/Documents/workspace/CrashCourses/app/controllers/HomeController.java...
Initial set of included nodes: Set(/Users/feiyang/Documents/workspace/CrashCourses/app/controllers/HomeController.java)
Invalidated by transitive inheritance dependency: Set(/Users/feiyang/Documents/workspace/CrashCourses/app/controllers/HomeController.java)
The /Users/feiyang/Documents/workspace/CrashCourses/app/controllers/HomeController.java source file has the following regular definitions changed:
	enumerator, notify, FROM, movedPermanently, CONTENT_LANGUAGE, CREATED, temporaryRedirect, Results$StringChunks$WhenReadyStringChunks, WARNING, CONTINUE, SET_COOKIE2, permanentRedirect, CONTENT_DISPOSITION, lambda$new$4, channel, CONTENT_TYPE, badRequest, wait, ACCESS_CONTROL_ALLOW_METHODS, USER_AGENT, ctx, HOST, CONTENT_MD5, request, X_FORWARDED_PORT, paymentRequired, BAD_REQUEST, logger, MAX_FORWARDS, X_FORWARDED_HOST, redirect, TRAILER, PROXY_AUTHENTICATE, AUTHORIZATION, CACHE_CONTROL, NOT_IMPLEMENTED, equals, PAYMENT_REQUIRED, RETRY_AFTER, PRECONDITION_FAILED, CONFLICT, ACCEPT_CHARSET, Results$ByteChunks$WhenReadyByteChunks, onReady, VIA, REQUEST_TIMEOUT, MULTIPLE_CHOICES, notFound, MOVED_PERMANENTLY, TE, CONTENT_LOCATION, PARTIAL_CONTENT, lambda$new$5, INSUFFICIENT_STORAGE, lambda$onDisconnected$6, ETAG, LENGTH_REQUIRED, UNAUTHORIZED, UNSUPPORTED_MEDIA_TYPE, REFERER, REQUEST_ENTITY_TOO_LARGE, ORIGIN, ACCEPT_LANGUAGE, NOT_MODIFIED, Results$StringChunks, HTTP_VERSION_NOT_SUPPORTED, ACCESS_CONTROL_ALLOW_ORIGIN, IF_RANGE, IF_UNMODIFIED_SINCE, SWITCHING_PROTOCOLS, callback, TEMPORARY_REDIRECT, CONTENT_LENGTH, SET_COOKIE, notifyAll, AGE, BAD_GATEWAY, EXPECTATION_FAILED, CONNECTION, FORWARDED, Results$ByteChunks, Results$Chunks$Out, OK, ACCESS_CONTROL_ALLOW_HEADERS, found, unauthorized, response, FOUND, <init>, DATE, CONTENT_RANGE, TRANSFER_ENCODING, PERMANENT_REDIRECT, HomeController, TOO_MANY_REQUESTS, PROXY_AUTHORIZATION, GONE, ACCESS_CONTROL_ALLOW_CREDENTIALS, clearLang, NOT_ACCEPTABLE, status, EXPECT, LOCATION, VARY, WWW_AUTHENTICATE, TODO, forbidden, X_FORWARDED_FOR, access$000, ACCEPTED, NO_CONTENT, disconnected, INTERNAL_SERVER_ERROR, onDisconnected, UPGRADE, NOT_FOUND, session, ACCEPT_ENCODING, EXPIRES, seeOther, REQUESTED_RANGE_NOT_SATISFIABLE, UPGRADE_REQUIRED, toString, ACCEPT, changeLang, GATEWAY_TIMEOUT, whenReady, SERVER, ACCESS_CONTROL_REQUEST_METHOD, UNPROCESSABLE_ENTITY, ACCESS_CONTROL_MAX_AGE, LAST_MODIFIED, ACCESS_CONTROL_EXPOSE_HEADERS, ACCESS_CONTROL_REQUEST_HEADERS, flash, internalServerError, ok, ALLOW, COOKIE, IF_MODIFIED_SINCE, getClass, CONTENT_TRANSFER_ENCODING, lang, NON_AUTHORITATIVE_INFORMATION, close, PRAGMA, IF_MATCH, PROXY_AUTHENTICATION_REQUIRED, RESET_CONTENT, SEE_OTHER, FAILED_DEPENDENCY, CONTENT_ENCODING, RANGE, USE_PROXY, Results$Chunks, REQUEST_URI_TOO_LONG, writable, LOCKED, FORBIDDEN, METHOD_NOT_ALLOWED, write, IF_NONE_MATCH, ACCEPT_RANGES, noContent, X_REQUESTED_WITH, X_FORWARDED_PROTO, MULTI_STATUS, SERVICE_UNAVAILABLE, index, created, hashCode.
All member reference dependencies will be considered within this context.
Name hashing optimization doesn't apply to non-Scala dependency: /Users/feiyang/Documents/workspace/CrashCourses/app/controllers/HomeController.java
Invalidating /Users/feiyang/Documents/workspace/CrashCourses/app/filters/ExampleFilter.java...
Invalidating (transitively) by inheritance from /Users/feiyang/Documents/workspace/CrashCourses/app/filters/ExampleFilter.java...
Initial set of included nodes: Set(/Users/feiyang/Documents/workspace/CrashCourses/app/filters/ExampleFilter.java)
Invalidated by transitive inheritance dependency: Set(/Users/feiyang/Documents/workspace/CrashCourses/app/filters/ExampleFilter.java)
The /Users/feiyang/Documents/workspace/CrashCourses/app/filters/ExampleFilter.java source file has the following regular definitions changed:
	asScala, notify, wait, equals, ExampleFilter, lambda$apply$0, notifyAll, asJava, <init>, apply, toString, getClass, exec, hashCode.
All member reference dependencies will be considered within this context.
Name hashing optimization doesn't apply to non-Scala dependency: /Users/feiyang/Documents/workspace/CrashCourses/app/Filters.java
Name hashing optimization doesn't apply to non-Scala dependency: /Users/feiyang/Documents/workspace/CrashCourses/app/filters/ExampleFilter.java
Invalidating /Users/feiyang/Documents/workspace/CrashCourses/target/scala-2.11/twirl/main/views/html/main.template.scala...
Invalidating (transitively) by inheritance from /Users/feiyang/Documents/workspace/CrashCourses/target/scala-2.11/twirl/main/views/html/main.template.scala...
Initial set of included nodes: Set(/Users/feiyang/Documents/workspace/CrashCourses/target/scala-2.11/twirl/main/views/html/main.template.scala)
Invalidated by transitive inheritance dependency: Set(/Users/feiyang/Documents/workspace/CrashCourses/target/scala-2.11/twirl/main/views/html/main.template.scala)
The /Users/feiyang/Documents/workspace/CrashCourses/target/scala-2.11/twirl/main/views/html/main.template.scala source file has the following regular definitions changed:
	notify, format, wait, $asInstanceOf, productArity, equals, asInstanceOf, f, synchronized, _display_, $isInstanceOf, ref, canEqual, main, productPrefix, notifyAll, readResolve, isInstanceOf, <init>, apply, ==, clone, main_Scope0, copy, toString, !=, getClass, copy$default$1, render, ne, eq, productIterator, ##, finalize, productElement, hashCode.
All member reference dependencies will be considered within this context.
Invalidating /Users/feiyang/Documents/workspace/CrashCourses/target/scala-2.11/routes/main/router/RoutesPrefix.scala...
Invalidating (transitively) by inheritance from /Users/feiyang/Documents/workspace/CrashCourses/target/scala-2.11/routes/main/router/RoutesPrefix.scala...
Initial set of included nodes: Set(/Users/feiyang/Documents/workspace/CrashCourses/target/scala-2.11/routes/main/router/RoutesPrefix.scala)
Invalidated by transitive inheritance dependency: Set(/Users/feiyang/Documents/workspace/CrashCourses/target/scala-2.11/routes/main/router/RoutesPrefix.scala)
The /Users/feiyang/Documents/workspace/CrashCourses/target/scala-2.11/routes/main/router/RoutesPrefix.scala source file has the following regular definitions changed:
	notify, byNamePrefix, wait, $asInstanceOf, equals, prefix, asInstanceOf, RoutesPrefix, synchronized, $isInstanceOf, _prefix, notifyAll, isInstanceOf, ==, clone, toString, !=, getClass, setPrefix, ne, eq, ##, finalize, hashCode.
All member reference dependencies will be considered within this context.
Name hashing optimization doesn't apply to non-Scala dependency: /Users/feiyang/Documents/workspace/CrashCourses/target/scala-2.11/routes/main/controllers/routes.java
The following modified names cause invalidation of /Users/feiyang/Documents/workspace/CrashCourses/target/scala-2.11/routes/main/router/Routes.scala: Set(prefix, asInstanceOf, RoutesPrefix, isInstanceOf, getClass, setPrefix)
New invalidations:
	Set()
Initial set of included nodes: Set()
Previously invalidated, but (transitively) depend on new invalidations:
	Set()
All newly invalidated sources after taking into account (previously) recompiled sources:Set()
Total time: 13 s, completed 2017-3-1 14:57:35
> server-post-command-cleanup
> server-handle-next-server-request
> backgroundRun
Evaluating tasks: compile:backgroundRun
Running task... Cancel: sbt.server.ServerTaskCancellation@4a5bae81, check cycles: false
Total time: 0 s, completed 2017-3-1 14:57:35
> server-post-command-cleanup
> server-handle-next-server-request
> {file:/Users/feiyang/Documents/workspace/CrashCourses/}root/*:playForkConfig
Evaluating tasks: *:playForkConfig
Running task... Cancel: sbt.server.ServerTaskCancellation@1a1c9640, check cycles: false
Total time: 1 s, completed 2017-3-1 14:57:38
> server-post-command-cleanup
> server-handle-next-server-request
> root/playForkNotifyStart http://localhost:9000
Evaluating tasks: *:playForkNotifyStart
Running task... Cancel: sbt.server.ServerTaskCancellation@6a2ba0fc, check cycles: false
Total time: 0 s, completed 2017-3-1 14:57:40
> server-post-command-cleanup
> server-handle-next-server-request
> {file:/Users/feiyang/Documents/workspace/CrashCourses/}root/*:playForkReload
Evaluating tasks: *:playForkReload
Running task... Cancel: sbt.server.ServerTaskCancellation@c83251c, check cycles: false

Initial source changes: 
	removed:Set()
	added: Set()
	modified: Set()
Removed products: Set()
External API changes: API Changes: Set()
Modified binary dependencies: Set()
Initial directly invalidated sources: Set()

Sources indirectly invalidated by:
	product: Set()
	binary dep: Set()
	external source: Set()
All initially invalidated sources: Set()

Copy resource mappings: 
	(/Users/feiyang/Documents/workspace/CrashCourses/conf/application.conf,/Users/feiyang/Documents/workspace/CrashCourses/target/scala-2.11/classes/application.conf)
	(/Users/feiyang/Documents/workspace/CrashCourses/conf/logback.xml,/Users/feiyang/Documents/workspace/CrashCourses/target/scala-2.11/classes/logback.xml)
	(/Users/feiyang/Documents/workspace/CrashCourses/conf/routes,/Users/feiyang/Documents/workspace/CrashCourses/target/scala-2.11/classes/routes)
Warning: node.js detection failed, sbt will use the Rhino based Trireme JavaScript engine instead to run JavaScript assets compilation, which in some cases may be orders of magnitude slower than using node.js.
Total time: 2 s, completed 2017-3-1 14:57:53
> server-post-command-cleanup
> server-handle-next-server-request
